#
# A fatal error has been detected by the Java Runtime Environment:
#
#  EXCEPTION_ACCESS_VIOLATION (0xc0000005) at pc=0x0000000066be65b2, pid=11228, tid=4940
#
# JRE version: Java(TM) SE Runtime Environment (8.0_60-b27) (build 1.8.0_60-b27)
# Java VM: Java HotSpot(TM) 64-Bit Server VM (25.60-b23 mixed mode windows-amd64 compressed oops)
# Problematic frame:
# C  [gdx-box2d64.dll+0x265b2]
#
# Failed to write core dump. Minidumps are not enabled by default on client versions of Windows
#
# If you would like to submit a bug report, please visit:
#   http://bugreport.java.com/bugreport/crash.jsp
# The crash happened outside the Java Virtual Machine in native code.
# See problematic frame for where to report the bug.
#

---------------  T H R E A D  ---------------

Current thread (0x000000001a97f800):  JavaThread "LWJGL Application" [_thread_in_native, id=4940, stack(0x000000001b6d0000,0x000000001b7d0000)]

siginfo: ExceptionCode=0xc0000005, reading address 0x000000001b2b8a0c

Registers:
RAX=0x00000000e22e4868, RBX=0x000000001a97f9f8, RCX=0x0000000000000000, RDX=0x000000006af05d40
RSP=0x000000001b7ced30, RBP=0x000000001b7cedf0, RSI=0x000000001b7cee10, RDI=0x000000001b2b8a00
R8 =0x00000000e22e4858, R9 =0x0000000000000001, R10=0x000000000000000c, R11=0x000000006a999440
R12=0x0000000000000000, R13=0x0000000023c32818, R14=0x000000001b7cee28, R15=0x000000001a97f800
RIP=0x0000000066be65b2, EFLAGS=0x0000000000010202

Top of Stack: (sp=0x000000001b7ced30)
0x000000001b7ced30:   000000001a97f9f8 000000001b7cedf0
0x000000001b7ced40:   000000001b7cee10 00000000051bdb51
0x000000001b7ced50:   0000000023c32818 0000000000008893
0x000000001b7ced60:   00000000051a7d8d 00000000051bdfcc
0x000000001b7ced70:   000000001b7cedf0 00000000051bdb89
0x000000001b7ced80:   000000001a97f800 0000000023c32818
0x000000001b7ced90:   00000000051a7d8d 00000000051b6d14
0x000000001b7ceda0:   00000000051a56d0 00000000051bdb51
0x000000001b7cedb0:   000000001b7cedb0 0000000023c32818
0x000000001b7cedc0:   000000001b7cee28 0000000023c36838
0x000000001b7cedd0:   0000000000000000 0000000023c32818
0x000000001b7cede0:   0000000000000000 000000001b7cee10
0x000000001b7cedf0:   000000001b7cee70 00000000051a7d8d
0x000000001b7cee00:   0000000000000000 00000000051b42f8
0x000000001b7cee10:   00000000e22e4858 000000001b2b8a00
0x000000001b7cee20:   000000001a993cd0 00000000e22e4800 

Instructions: (pc=0x0000000066be65b2)
0x0000000066be6592:   53 48 83 ec 20 48 8b 01 48 89 cb 4c 89 c7 4c 89
0x0000000066be65a2:   ce 45 31 c0 4c 89 ca ff 90 f0 06 00 00 48 8b 13
0x0000000066be65b2:   f3 0f 10 4f 0c f3 0f 10 47 10 49 89 c0 45 31 c9
0x0000000066be65c2:   48 89 d9 f3 0f 11 08 4c 8b 92 f8 06 00 00 48 89 


Register to memory mapping:

RAX=0x00000000e22e4868 is an oop

[error occurred during error reporting (printing register info), id 0xc0000005]

Stack: [0x000000001b6d0000,0x000000001b7d0000],  sp=0x000000001b7ced30,  free space=1019k
Native frames: (J=compiled Java code, j=interpreted, Vv=VM code, C=native code)
C  [gdx-box2d64.dll+0x265b2]
C  0x00000000051bdfcc

Java frames: (J=compiled Java code, j=interpreted, Vv=VM code)
j  com.badlogic.gdx.physics.box2d.Body.jniGetPosition(J[F)V+0
j  com.badlogic.gdx.physics.box2d.Body.getPosition()Lcom/badlogic/gdx/math/Vector2;+9
j  com.mygdx.game.screens.PlayScreen.gameWin()Z+7
j  com.mygdx.game.screens.PlayScreen.render(F)V+328
j  com.badlogic.gdx.Game.render()V+19
j  com.mygdx.game.platformer.render()V+1
j  com.badlogic.gdx.backends.lwjgl.LwjglApplication.mainLoop()V+698
j  com.badlogic.gdx.backends.lwjgl.LwjglApplication$1.run()V+27
v  ~StubRoutines::call_stub

---------------  P R O C E S S  ---------------

Java Threads: ( => current thread )
  0x0000000022eb0800 JavaThread "LWJGL Timer" daemon [_thread_blocked, id=2248, stack(0x0000000024020000,0x0000000024120000)]
  0x000000001bbfa000 JavaThread "AsynchExecutor-Thread" daemon [_thread_blocked, id=12572, stack(0x0000000022950000,0x0000000022a50000)]
  0x00000000050a3800 JavaThread "DestroyJavaVM" [_thread_blocked, id=13016, stack(0x0000000004f70000,0x0000000005070000)]
=>0x000000001a97f800 JavaThread "LWJGL Application" [_thread_in_native, id=4940, stack(0x000000001b6d0000,0x000000001b7d0000)]
  0x000000001a6eb800 JavaThread "Service Thread" daemon [_thread_blocked, id=11464, stack(0x000000001aa80000,0x000000001ab80000)]
  0x0000000018a52800 JavaThread "C1 CompilerThread2" daemon [_thread_blocked, id=1344, stack(0x000000001a580000,0x000000001a680000)]
  0x0000000018a4d000 JavaThread "C2 CompilerThread1" daemon [_thread_blocked, id=12192, stack(0x000000001a480000,0x000000001a580000)]
  0x0000000018a4c800 JavaThread "C2 CompilerThread0" daemon [_thread_blocked, id=7724, stack(0x000000001a380000,0x000000001a480000)]
  0x0000000018a3d800 JavaThread "JDWP Command Reader" daemon [_thread_in_native, id=12976, stack(0x000000001a280000,0x000000001a380000)]
  0x0000000018a39800 JavaThread "JDWP Event Helper Thread" daemon [_thread_blocked, id=11408, stack(0x000000001a180000,0x000000001a280000)]
  0x0000000018a2d800 JavaThread "JDWP Transport Listener: dt_socket" daemon [_thread_blocked, id=9004, stack(0x000000001a080000,0x000000001a180000)]
  0x0000000018a21000 JavaThread "Attach Listener" daemon [_thread_blocked, id=8880, stack(0x0000000019f80000,0x000000001a080000)]
  0x0000000018a1f000 JavaThread "Signal Dispatcher" daemon [_thread_blocked, id=13096, stack(0x0000000019e80000,0x0000000019f80000)]
  0x000000000519a800 JavaThread "Finalizer" daemon [_thread_blocked, id=1204, stack(0x0000000019c80000,0x0000000019d80000)]
  0x0000000005192800 JavaThread "Reference Handler" daemon [_thread_blocked, id=1888, stack(0x0000000019b80000,0x0000000019c80000)]

Other Threads:
  0x00000000189e7800 VMThread [stack: 0x0000000019a80000,0x0000000019b80000] [id=4264]
  0x000000001a6f0000 WatcherThread [stack: 0x000000001ab80000,0x000000001ac80000] [id=8704]

VM state:not at safepoint (normal execution)

VM Mutex/Monitor currently owned by a thread: None

Heap:
 PSYoungGen      total 28672K, used 4753K [0x00000000e0980000, 0x00000000e2980000, 0x0000000100000000)
  eden space 24576K, 2% used [0x00000000e0980000,0x00000000e0a25dc0,0x00000000e2180000)
  from space 4096K, 99% used [0x00000000e2180000,0x00000000e257e8a0,0x00000000e2580000)
  to   space 4096K, 0% used [0x00000000e2580000,0x00000000e2580000,0x00000000e2980000)
 ParOldGen       total 65536K, used 1859K [0x00000000a1c00000, 0x00000000a5c00000, 0x00000000e0980000)
  object space 65536K, 2% used [0x00000000a1c00000,0x00000000a1dd0d38,0x00000000a5c00000)
 Metaspace       used 9394K, capacity 9493K, committed 9728K, reserved 1058816K
  class space    used 882K, capacity 914K, committed 1024K, reserved 1048576K

Card table byte_map: [0x0000000014560000,0x0000000014860000] byte_map_base: 0x0000000014052000

Marking Bits: (ParMarkBitMap*) 0x000000006af7a5b0
 Begin Bits: [0x0000000014e60000, 0x00000000165f0000)
 End Bits:   [0x00000000165f0000, 0x0000000017d80000)

Polling page: 0x0000000004e80000

CodeCache: size=245760Kb used=5257Kb max_used=5257Kb free=240502Kb
 bounds [0x00000000051a0000, 0x00000000056d0000, 0x00000000141a0000]
 total_blobs=1657 nmethods=1159 adapters=419
 compilation: enabled

Compilation events (10 events):
Event: 20.378 Thread 0x0000000018a52800 1157   !   3       java.lang.ref.Finalizer::remove (94 bytes)
Event: 20.378 Thread 0x0000000018a52800 nmethod 1157 0x00000000056c4c50 code [0x00000000056c4de0, 0x00000000056c52d0]
Event: 20.378 Thread 0x0000000018a52800 1152   !   3       java.lang.ref.ReferenceQueue::remove (125 bytes)
Event: 20.379 Thread 0x0000000018a52800 nmethod 1152 0x00000000056c5450 code [0x00000000056c5640, 0x00000000056c5f98]
Event: 20.379 Thread 0x0000000018a52800 1154       3       java.lang.ref.Finalizer::access$100 (6 bytes)
Event: 20.379 Thread 0x0000000018a52800 nmethod 1154 0x00000000056c6410 code [0x00000000056c6580, 0x00000000056c6708]
Event: 20.380 Thread 0x0000000018a52800 1158       3       java.lang.System$2::invokeFinalize (5 bytes)
Event: 20.380 Thread 0x0000000018a52800 nmethod 1158 0x00000000056c67d0 code [0x00000000056c6940, 0x00000000056c6b68]
Event: 20.380 Thread 0x0000000018a52800 1159       3       java.lang.ref.Reference::clear (6 bytes)
Event: 20.380 Thread 0x0000000018a52800 nmethod 1159 0x00000000056c6c10 code [0x00000000056c6d60, 0x00000000056c6ed0]

GC Heap History (2 events):
Event: 20.364 GC heap before
{Heap before GC invocations=1 (full 0):
 PSYoungGen      total 28672K, used 24561K [0x00000000e0980000, 0x00000000e2980000, 0x0000000100000000)
  eden space 24576K, 99% used [0x00000000e0980000,0x00000000e217c518,0x00000000e2180000)
  from space 4096K, 0% used [0x00000000e2580000,0x00000000e2580000,0x00000000e2980000)
  to   space 4096K, 0% used [0x00000000e2180000,0x00000000e2180000,0x00000000e2580000)
 ParOldGen       total 65536K, used 0K [0x00000000a1c00000, 0x00000000a5c00000, 0x00000000e0980000)
  object space 65536K, 0% used [0x00000000a1c00000,0x00000000a1c00000,0x00000000a5c00000)
 Metaspace       used 9386K, capacity 9493K, committed 9728K, reserved 1058816K
  class space    used 882K, capacity 914K, committed 1024K, reserved 1048576K
Event: 20.371 GC heap after
Heap after GC invocations=1 (full 0):
 PSYoungGen      total 28672K, used 4090K [0x00000000e0980000, 0x00000000e2980000, 0x0000000100000000)
  eden space 24576K, 0% used [0x00000000e0980000,0x00000000e0980000,0x00000000e2180000)
  from space 4096K, 99% used [0x00000000e2180000,0x00000000e257e8a0,0x00000000e2580000)
  to   space 4096K, 0% used [0x00000000e2580000,0x00000000e2580000,0x00000000e2980000)
 ParOldGen       total 65536K, used 1859K [0x00000000a1c00000, 0x00000000a5c00000, 0x00000000e0980000)
  object space 65536K, 2% used [0x00000000a1c00000,0x00000000a1dd0d38,0x00000000a5c00000)
 Metaspace       used 9386K, capacity 9493K, committed 9728K, reserved 1058816K
  class space    used 882K, capacity 914K, committed 1024K, reserved 1048576K
}

Deoptimization events (10 events):
Event: 2.709 Thread 0x000000001a97f800 Uncommon trap: reason=unstable_if action=reinterpret pc=0x0000000005492188 method=java.util.StringTokenizer.scanToken(I)I @ 7
Event: 2.709 Thread 0x000000001a97f800 Uncommon trap: reason=unstable_if action=reinterpret pc=0x000000000547dfb8 method=java.util.StringTokenizer.scanToken(I)I @ 7
Event: 2.744 Thread 0x000000001a97f800 Uncommon trap: reason=unstable_if action=reinterpret pc=0x00000000054c8da8 method=com.badlogic.gdx.utils.IntMap.get(I)Ljava/lang/Object; @ 1
Event: 4.355 Thread 0x000000001a97f800 Uncommon trap: reason=unstable_if action=reinterpret pc=0x000000000557e410 method=javazoom.jl.decoder.LayerIIIDecoder.huffman_decode(II)V @ 68
Event: 4.355 Thread 0x000000001a97f800 Uncommon trap: reason=unstable_if action=reinterpret pc=0x000000000556e8d0 method=javazoom.jl.decoder.LayerIIIDecoder.dequantize_sample([[FII)V @ 36
Event: 4.358 Thread 0x000000001a97f800 Uncommon trap: reason=unstable_if action=reinterpret pc=0x0000000005562c68 method=javazoom.jl.decoder.LayerIIIDecoder.reorder([[FII)V @ 24
Event: 4.358 Thread 0x000000001a97f800 Uncommon trap: reason=unstable_if action=reinterpret pc=0x0000000005596ae8 method=javazoom.jl.decoder.LayerIIIDecoder.antialias(II)V @ 21
Event: 4.358 Thread 0x000000001a97f800 Uncommon trap: reason=unstable_if action=reinterpret pc=0x0000000005525354 method=javazoom.jl.decoder.LayerIIIDecoder.hybrid(II)V @ 32
Event: 4.358 Thread 0x000000001a97f800 Uncommon trap: reason=unstable_if action=reinterpret pc=0x000000000543e878 method=javazoom.jl.decoder.LayerIIIDecoder.hybrid(II)V @ 32
Event: 4.359 Thread 0x000000001a97f800 Uncommon trap: reason=unstable_if action=reinterpret pc=0x000000000558ee38 method=javazoom.jl.decoder.LayerIIIDecoder.inv_mdct([F[FI)V @ 56

Internal exceptions (10 events):
Event: 0.724 Thread 0x00000000050a3800 Exception <a 'java/security/PrivilegedActionException'> (0x00000000e0cf8c90) thrown at [C:\re\workspace\8-2-build-windows-amd64-cygwin\jdk8u60\4407\hotspot\src\share\vm\prims\jvm.cpp, line 1386]
Event: 0.724 Thread 0x00000000050a3800 Exception <a 'java/security/PrivilegedActionException'> (0x00000000e0cf8ea0) thrown at [C:\re\workspace\8-2-build-windows-amd64-cygwin\jdk8u60\4407\hotspot\src\share\vm\prims\jvm.cpp, line 1386]
Event: 0.725 Thread 0x00000000050a3800 Exception <a 'java/security/PrivilegedActionException'> (0x00000000e0cfcce8) thrown at [C:\re\workspace\8-2-build-windows-amd64-cygwin\jdk8u60\4407\hotspot\src\share\vm\prims\jvm.cpp, line 1386]
Event: 0.725 Thread 0x00000000050a3800 Exception <a 'java/security/PrivilegedActionException'> (0x00000000e0cfcef8) thrown at [C:\re\workspace\8-2-build-windows-amd64-cygwin\jdk8u60\4407\hotspot\src\share\vm\prims\jvm.cpp, line 1386]
Event: 0.975 Thread 0x00000000050a3800 Exception <a 'java/security/PrivilegedActionException'> (0x00000000e0e55cb8) thrown at [C:\re\workspace\8-2-build-windows-amd64-cygwin\jdk8u60\4407\hotspot\src\share\vm\prims\jvm.cpp, line 1386]
Event: 0.975 Thread 0x00000000050a3800 Exception <a 'java/security/PrivilegedActionException'> (0x00000000e0e57990) thrown at [C:\re\workspace\8-2-build-windows-amd64-cygwin\jdk8u60\4407\hotspot\src\share\vm\prims\jvm.cpp, line 1386]
Event: 0.975 Thread 0x00000000050a3800 Exception <a 'java/security/PrivilegedActionException'> (0x00000000e0e58b00) thrown at [C:\re\workspace\8-2-build-windows-amd64-cygwin\jdk8u60\4407\hotspot\src\share\vm\prims\jvm.cpp, line 1386]
Event: 0.975 Thread 0x00000000050a3800 Exception <a 'java/security/PrivilegedActionException'> (0x00000000e0e5dc68) thrown at [C:\re\workspace\8-2-build-windows-amd64-cygwin\jdk8u60\4407\hotspot\src\share\vm\prims\jvm.cpp, line 1386]
Event: 0.975 Thread 0x00000000050a3800 Exception <a 'java/security/PrivilegedActionException'> (0x00000000e0e5e8c0) thrown at [C:\re\workspace\8-2-build-windows-amd64-cygwin\jdk8u60\4407\hotspot\src\share\vm\prims\jvm.cpp, line 1386]
Event: 0.975 Thread 0x00000000050a3800 Exception <a 'java/security/PrivilegedActionException'> (0x00000000e0e5f4e8) thrown at [C:\re\workspace\8-2-build-windows-amd64-cygwin\jdk8u60\4407\hotspot\src\share\vm\prims\jvm.cpp, line 1386]

Events (10 events):
Event: 31.040 Executing VM operation: GetOrSetLocal
Event: 31.040 Executing VM operation: GetOrSetLocal done
Event: 32.240 Executing VM operation: EnterInterpOnlyMode
Event: 32.240 Executing VM operation: EnterInterpOnlyMode done
Event: 32.240 Executing VM operation: GetCurrentLocation
Event: 32.240 Executing VM operation: GetCurrentLocation done
Event: 32.240 Executing VM operation: ChangeSingleStep
Event: 32.241 Executing VM operation: ChangeSingleStep done
Event: 32.242 Executing VM operation: ChangeSingleStep
Event: 32.242 Executing VM operation: ChangeSingleStep done


Dynamic libraries:
0x00007ff610350000 - 0x00007ff610387000 	C:\Program Files\Java\jdk1.8.0_60\bin\java.exe
0x00007ffc90a80000 - 0x00007ffc90c60000 	C:\WINDOWS\SYSTEM32\ntdll.dll
0x00007ffc8eb20000 - 0x00007ffc8ebce000 	C:\WINDOWS\System32\KERNEL32.DLL
0x00007ffc8d7c0000 - 0x00007ffc8da26000 	C:\WINDOWS\System32\KERNELBASE.dll
0x00007ffc8e670000 - 0x00007ffc8e711000 	C:\WINDOWS\System32\ADVAPI32.dll
0x00007ffc8e550000 - 0x00007ffc8e5ed000 	C:\WINDOWS\System32\msvcrt.dll
0x00007ffc908e0000 - 0x00007ffc9093b000 	C:\WINDOWS\System32\sechost.dll
0x00007ffc90470000 - 0x00007ffc9058f000 	C:\WINDOWS\System32\RPCRT4.dll
0x00007ffc8e8c0000 - 0x00007ffc8ea4f000 	C:\WINDOWS\System32\USER32.dll
0x00007ffc8df30000 - 0x00007ffc8df50000 	C:\WINDOWS\System32\win32u.dll
0x00007ffc8e720000 - 0x00007ffc8e748000 	C:\WINDOWS\System32\GDI32.dll
0x00007ffc8dcb0000 - 0x00007ffc8de43000 	C:\WINDOWS\System32\gdi32full.dll
0x00007ffc8cfd0000 - 0x00007ffc8d06b000 	C:\WINDOWS\System32\msvcp_win.dll
0x00007ffc8ce80000 - 0x00007ffc8cf76000 	C:\WINDOWS\System32\ucrtbase.dll
0x00007ffc84c70000 - 0x00007ffc84ed9000 	C:\WINDOWS\WinSxS\amd64_microsoft.windows.common-controls_6595b64144ccf1df_6.0.16299.192_none_15c8cdae9364c23b\COMCTL32.dll
0x00007ffc8ebd0000 - 0x00007ffc8eed8000 	C:\WINDOWS\System32\combase.dll
0x00007ffc8de50000 - 0x00007ffc8dec2000 	C:\WINDOWS\System32\bcryptPrimitives.dll
0x00007ffc907e0000 - 0x00007ffc9080d000 	C:\WINDOWS\System32\IMM32.DLL
0x000000006a690000 - 0x000000006a762000 	C:\Program Files\Java\jdk1.8.0_60\jre\bin\msvcr100.dll
0x000000006a770000 - 0x000000006aff9000 	C:\Program Files\Java\jdk1.8.0_60\jre\bin\server\jvm.dll
0x00007ffc90770000 - 0x00007ffc90778000 	C:\WINDOWS\System32\PSAPI.DLL
0x00007ffc8b060000 - 0x00007ffc8b083000 	C:\WINDOWS\SYSTEM32\WINMM.dll
0x00007ffc88480000 - 0x00007ffc8848a000 	C:\WINDOWS\SYSTEM32\VERSION.dll
0x00007ffc7e7b0000 - 0x00007ffc7e7b9000 	C:\WINDOWS\SYSTEM32\WSOCK32.dll
0x00007ffc90940000 - 0x00007ffc909ac000 	C:\WINDOWS\System32\WS2_32.dll
0x00007ffc8b000000 - 0x00007ffc8b02a000 	C:\WINDOWS\SYSTEM32\WINMMBASE.dll
0x00007ffc8cf80000 - 0x00007ffc8cfca000 	C:\WINDOWS\System32\cfgmgr32.dll
0x000000006a640000 - 0x000000006a64f000 	C:\Program Files\Java\jdk1.8.0_60\jre\bin\verify.dll
0x000000006a610000 - 0x000000006a639000 	C:\Program Files\Java\jdk1.8.0_60\jre\bin\java.dll
0x00000000681a0000 - 0x00000000681d5000 	C:\Program Files\Java\jdk1.8.0_60\jre\bin\jdwp.dll
0x0000000068190000 - 0x0000000068198000 	C:\Program Files\Java\jdk1.8.0_60\jre\bin\npt.dll
0x000000006a5f0000 - 0x000000006a606000 	C:\Program Files\Java\jdk1.8.0_60\jre\bin\zip.dll
0x00007ffc8f030000 - 0x00007ffc90466000 	C:\WINDOWS\System32\SHELL32.dll
0x00007ffc90810000 - 0x00007ffc908b6000 	C:\WINDOWS\System32\shcore.dll
0x00007ffc8d070000 - 0x00007ffc8d7b7000 	C:\WINDOWS\System32\windows.storage.dll
0x00007ffc90780000 - 0x00007ffc907d1000 	C:\WINDOWS\System32\shlwapi.dll
0x00007ffc8cdf0000 - 0x00007ffc8ce01000 	C:\WINDOWS\System32\kernel.appcore.dll
0x00007ffc8ce10000 - 0x00007ffc8ce5c000 	C:\WINDOWS\System32\powrprof.dll
0x00007ffc8cdd0000 - 0x00007ffc8cdeb000 	C:\WINDOWS\System32\profapi.dll
0x0000000068180000 - 0x0000000068189000 	C:\Program Files\Java\jdk1.8.0_60\jre\bin\dt_socket.dll
0x00007ffc8c660000 - 0x00007ffc8c6c6000 	C:\WINDOWS\system32\mswsock.dll
0x0000000065580000 - 0x0000000065616000 	C:\Users\¬Î‡‰\AppData\Local\Temp\libgdx¬Î‡‰\38c81921\gdx64.dll
0x00007ffc8c830000 - 0x00007ffc8c847000 	C:\WINDOWS\SYSTEM32\CRYPTSP.dll
0x00007ffc8c210000 - 0x00007ffc8c243000 	C:\WINDOWS\system32\rsaenh.dll
0x00007ffc8c930000 - 0x00007ffc8c955000 	C:\WINDOWS\SYSTEM32\bcrypt.dll
0x00007ffc8ccd0000 - 0x00007ffc8ccf9000 	C:\WINDOWS\SYSTEM32\USERENV.dll
0x00007ffc8c820000 - 0x00007ffc8c82b000 	C:\WINDOWS\SYSTEM32\CRYPTBASE.dll
0x000000006a5d0000 - 0x000000006a5ea000 	C:\Program Files\Java\jdk1.8.0_60\jre\bin\net.dll
0x00007ffc8c3f0000 - 0x00007ffc8c429000 	C:\WINDOWS\SYSTEM32\IPHLPAPI.DLL
0x00007ffc90590000 - 0x00007ffc90598000 	C:\WINDOWS\System32\NSI.dll
0x00007ffc85e00000 - 0x00007ffc85e16000 	C:\WINDOWS\SYSTEM32\dhcpcsvc6.DLL
0x00007ffc85890000 - 0x00007ffc858aa000 	C:\WINDOWS\SYSTEM32\dhcpcsvc.DLL
0x000000006a5b0000 - 0x000000006a5c1000 	C:\Program Files\Java\jdk1.8.0_60\jre\bin\nio.dll
0x0000000180000000 - 0x0000000180053000 	C:\Users\¬Î‡‰\AppData\Local\Temp\libgdx¬Î‡‰\dc0f0009\lwjgl64.dll
0x00007ffc6e710000 - 0x00007ffc6e82e000 	C:\WINDOWS\SYSTEM32\OPENGL32.dll
0x00007ffc6ee70000 - 0x00007ffc6ee9c000 	C:\WINDOWS\SYSTEM32\GLU32.dll
0x000000001b030000 - 0x000000001b094000 	C:\Users\46AD~1\AppData\Local\Temp\libgdx¬Î‡‰\dc0f0009\OpenAL64.dll
0x00007ffc8eee0000 - 0x00007ffc8f029000 	C:\WINDOWS\System32\ole32.dll
0x00007ffc8b450000 - 0x00007ffc8b4e5000 	C:\WINDOWS\system32\uxtheme.dll
0x00007ffc909b0000 - 0x00007ffc90a4e000 	C:\WINDOWS\System32\clbcatq.dll
0x00007ffc899a0000 - 0x00007ffc89b51000 	C:\WINDOWS\System32\PROPSYS.dll
0x00007ffc8ea50000 - 0x00007ffc8eb15000 	C:\WINDOWS\System32\OLEAUT32.dll
0x00007ffc5ab50000 - 0x00007ffc5abdf000 	C:\WINDOWS\SYSTEM32\dsound.dll
0x00007ffc85770000 - 0x00007ffc857df000 	C:\WINDOWS\System32\MMDevApi.dll
0x00007ffc8cc00000 - 0x00007ffc8cc27000 	C:\WINDOWS\System32\DEVOBJ.dll
0x00007ffc672d0000 - 0x00007ffc673f2000 	C:\WINDOWS\SYSTEM32\AUDIOSES.DLL
0x00007ffc88e20000 - 0x00007ffc88f56000 	C:\WINDOWS\SYSTEM32\wintypes.dll
0x00007ffc89360000 - 0x00007ffc8936a000 	C:\WINDOWS\SYSTEM32\AVRT.dll
0x00007ffc8e750000 - 0x00007ffc8e8b7000 	C:\WINDOWS\System32\MSCTF.dll
0x00007ffc8b680000 - 0x00007ffc8b6aa000 	C:\WINDOWS\system32\dwmapi.dll
0x00007ffc83f80000 - 0x00007ffc84018000 	C:\WINDOWS\System32\TextInputFramework.dll
0x00007ffc8ac50000 - 0x00007ffc8ad2c000 	C:\WINDOWS\System32\CoreMessaging.dll
0x00007ffc88a50000 - 0x00007ffc88d3e000 	C:\WINDOWS\System32\CoreUIComponents.dll
0x00007ffc8bf10000 - 0x00007ffc8bf41000 	C:\WINDOWS\SYSTEM32\ntmarta.dll
0x00000000681e0000 - 0x000000006a330000 	C:\WINDOWS\SYSTEM32\nvoglv64.DLL
0x00007ffc8df60000 - 0x00007ffc8e3ae000 	C:\WINDOWS\System32\SETUPAPI.dll
0x00007ffc89980000 - 0x00007ffc89993000 	C:\WINDOWS\SYSTEM32\WTSAPI32.dll
0x00007ffc8ded0000 - 0x00007ffc8df28000 	C:\WINDOWS\System32\WINTRUST.dll
0x00007ffc8ce60000 - 0x00007ffc8ce72000 	C:\WINDOWS\System32\MSASN1.dll
0x00007ffc8da30000 - 0x00007ffc8dbfe000 	C:\WINDOWS\System32\CRYPT32.dll
0x00007ffc81f10000 - 0x00007ffc81fa7000 	C:\WINDOWS\SYSTEM32\mscms.dll
0x00007ffc665d0000 - 0x00007ffc66611000 	C:\WINDOWS\SYSTEM32\icm32.dll
0x00007ffc8c2b0000 - 0x00007ffc8c305000 	C:\WINDOWS\SYSTEM32\WINSTA.dll
0x00007ffc8bbf0000 - 0x00007ffc8bc9f000 	C:\WINDOWS\system32\dxgi.dll
0x00007ffc644b0000 - 0x00007ffc65be1000 	C:\WINDOWS\System32\DriverStore\FileRepository\nvami.inf_amd64_11a67240324f74de\nvwgf2umx.dll
0x00007ffc546c0000 - 0x00007ffc54877000 	C:\WINDOWS\system32\nvspcap64.dll
0x00007ffc88940000 - 0x00007ffc88a1e000 	C:\WINDOWS\SYSTEM32\WINHTTP.dll
0x00007ffc815f0000 - 0x00007ffc819eb000 	C:\WINDOWS\system32\nvapi64.dll
0x00007ffc8cd00000 - 0x00007ffc8cd30000 	C:\WINDOWS\SYSTEM32\SspiCli.dll
0x00007ffc8a3a0000 - 0x00007ffc8a681000 	C:\WINDOWS\SYSTEM32\d3d11.dll
0x0000000066bc0000 - 0x0000000066c7b000 	C:\Users\¬Î‡‰\AppData\Local\Temp\libgdx¬Î‡‰\935f82d0\gdx-box2d64.dll
0x00007ffc7f250000 - 0x00007ffc7f418000 	C:\WINDOWS\SYSTEM32\dbghelp.dll

VM Arguments:
jvm_args: -Dfile.encoding=windows-1251 -Duser.country=RU -Duser.language=ru -Duser.variant -Xdebug -Xrunjdwp:transport=dt_socket,server=y,suspend=y,address=5005 
java_command: com.mygdx.game.desktop.DesktopLauncher
java_class_path (initial): D:\MushroomBoy\desktop\build\classes\main;D:\MushroomBoy\desktop\build\resources\main;D:\MushroomBoy\core\build\libs\core-1.0.jar;C:\Users\¬Î‡‰\.gradle\caches\modules-2\files-2.1\com.badlogicgames.gdx\gdx-backend-lwjgl\1.9.6\ee7c23636ee4a942d329579daecc3ec5e517fe4c\gdx-backend-lwjgl-1.9.6.jar;C:\Users\¬Î‡‰\.gradle\caches\modules-2\files-2.1\com.badlogicgames.gdx\gdx-platform\1.9.6\6f84dd7a18dc68e4ec492dfbb0594f930babcf63\gdx-platform-1.9.6-natives-desktop.jar;C:\Users\¬Î‡‰\.gradle\caches\modules-2\files-2.1\com.badlogicgames.gdx\gdx-box2d-platform\1.9.6\d7b6168f5afd3948fd126c0b248f66c49b73ca35\gdx-box2d-platform-1.9.6-natives-desktop.jar;C:\Users\¬Î‡‰\.gradle\caches\modules-2\files-2.1\com.badlogicgames.gdx\gdx\1.9.6\47d1e9b890e364ec28f128e9bb3b9a12a94c164\gdx-1.9.6.jar;C:\Users\¬Î‡‰\.gradle\caches\modules-2\files-2.1\com.badlogicgames.gdx\gdx-box2d\1.9.6\c249ef4060a4fada952f278455c8f7b9cba3c18a\gdx-box2d-1.9.6.jar;C:\Users\¬Î‡‰\.gradle\caches\modules-2\files-2.1\org.lwjgl.lwjgl\lwjgl\2.9.2\a9d80fe5935c7a9149f6584d9777cfd471f65489\lwjgl-2.9.2.jar;C:\Users\¬Î‡‰\.gradle\caches\modules-2\files-2.1\org.lwjgl.lwjgl\lwjgl_util\2.9.2\4b9e37300a87799856e0bd15ed81663cdb6b0947\lwjgl_util-2.9.2.jar;C:\Users\¬Î‡‰\.gradle\caches\modules-2\files-2.1\com.badlogicgames.jlayer\jlayer\1.0.1-gdx\7cca83cec5c1b2f011362f4d85aabd71a73b049d\jlayer-1.0.1-gdx.jar;C:\Users\¬Î‡‰\.gradle\caches\modules-2\files-2.1\org.jcraft\jorbis\0.0.17\8872d22b293e8f5d7d56ff92be966e6dc28ebdc6\jorbis-0.0.17.jar;C:\Users\¬Î‡‰\.gradle\caches\modules-2\files-2.1\org.lwjgl.lwjgl\lwjgl-platform\2.9.2\510c7d317f5e9e700b9cfaac5fd38bdebf0702e0\lwjgl-platform-2.9.2-natives-windows.jar;C:\Users\¬Î‡‰\.gradle\caches\modules-2\files-2.1\org.lwjgl.lwjgl\lwjgl-platform\2.9.2\d276cdf61fe2b516c7b7f4aa1b8dea91dbdc8d56\lwjgl-platform-2.9.2-natives-linux.jar;C:\Users\¬Î‡‰\.gradle\caches\modules-2\files-2.1\org.lwjgl.lwjgl\lwjgl-platform\2.9.2\d55b46b40b40249d627a83a7f7f22649709d70c3\lwjgl-platform-2.
Launcher Type: SUN_STANDARD

Environment Variables:
CLASSPATH=C:\LINGO64_17\Lingo17.jar
PATH=C:\Program Files (x86)\Common Files\Intel\Shared Files\cpp\bin\Intel64;C:\oraclexe\app\oracle\product\11.2.0\server\bin;C:\ProgramData\Oracle\Java\javapath;C:\Program Files (x86)\Intel\iCLS Client\;C:\Program Files\Intel\iCLS Client\;C:\WINDOWS\system32;C:\WINDOWS;C:\WINDOWS\System32\Wbem;C:\WINDOWS\System32\WindowsPowerShell\v1.0\;C:\Program Files\Intel\Intel(R) Management Engine Components\DAL;C:\Program Files\Intel\Intel(R) Management Engine Components\IPT;C:\Program Files (x86)\Intel\Intel(R) Management Engine Components\DAL;C:\Program Files (x86)\Intel\Intel(R) Management Engine Components\IPT;C:\Program Files (x86)\Intel\OpenCL SDK\2.0\bin\x86;C:\Program Files (x86)\Intel\OpenCL SDK\2.0\bin\x64;C:\Program Files (x86)\Microsoft SQL Server\100\Tools\Binn\;C:\Program Files\Microsoft SQL Server\100\Tools\Binn\;C:\Program Files\Microsoft SQL Server\100\DTS\Binn\;c:\altera\91\quartus\bin;C:\Program Files\doxygen\bin;C:\Program Files\Microsoft SQL Server\110\Tools\Binn\;C:\Program Files (x86)\NVIDIA Corporation\PhysX\Common;C:\Program Files (x86)\Skype\Phone\;D:\FlexBison;C:\LINGO64_17\;C:\Program Files\Git\cmd;C:\Program Files\nodejs\;C:\Program Files\SourceGear\Common\DiffMerge\;C:\Program Files\TortoiseHg\;%SystemRoot%\system32;%SystemRoot%;%SystemRoot%\System32\Wbem;%SYSTEMROOT%\System32\WindowsPowerShell\v1.0\;C:\Users\¬Î‡‰\AppData\Local\Microsoft\WindowsApps;;C:\Program Files\Microsoft VS Code\bin;C:\Users\¬Î‡‰\AppData\Roaming\npm
USERNAME=¬Î‡‰
OS=Windows_NT
PROCESSOR_IDENTIFIER=Intel64 Family 6 Model 58 Stepping 9, GenuineIntel



---------------  S Y S T E M  ---------------

OS: Windows 10.0 , 64 bit Build 16299 (10.0.16299.15)

CPU:total 4 (2 cores per cpu, 2 threads per core) family 6 model 58 stepping 9, cmov, cx8, fxsr, mmx, sse, sse2, sse3, ssse3, sse4.1, sse4.2, popcnt, avx, aes, clmul, erms, ht, tsc, tscinvbit, tscinv

Memory: 4k page, physical 6174212k(2545860k free), swap 15595012k(10323188k free)

vm_info: Java HotSpot(TM) 64-Bit Server VM (25.60-b23) for windows-amd64 JRE (1.8.0_60-b27), built on Aug  4 2015 11:06:27 by "java_re" with MS VC++ 10.0 (VS2010)

time: Mon Jan 29 19:39:51 2018
elapsed time: 32 seconds (0d 0h 0m 32s)

