#
# A fatal error has been detected by the Java Runtime Environment:
#
#  EXCEPTION_ACCESS_VIOLATION (0xc0000005) at pc=0x0000000066be65b2, pid=10912, tid=4100
#
# JRE version: Java(TM) SE Runtime Environment (8.0_60-b27) (build 1.8.0_60-b27)
# Java VM: Java HotSpot(TM) 64-Bit Server VM (25.60-b23 mixed mode windows-amd64 compressed oops)
# Problematic frame:
# C  [gdx-box2d64.dll+0x265b2]
#
# Failed to write core dump. Minidumps are not enabled by default on client versions of Windows
#
# If you would like to submit a bug report, please visit:
#   http://bugreport.java.com/bugreport/crash.jsp
# The crash happened outside the Java Virtual Machine in native code.
# See problematic frame for where to report the bug.
#

---------------  T H R E A D  ---------------

Current thread (0x000000001a588000):  JavaThread "LWJGL Application" [_thread_in_native, id=4100, stack(0x000000001b030000,0x000000001b130000)]

siginfo: ExceptionCode=0xc0000005, reading address 0x000000001ad789cc

Registers:
RAX=0x00000000e0d3f540, RBX=0x000000001a5881f8, RCX=0x0000000000000000, RDX=0x0000000075ee5d40
RSP=0x000000001b12ebb0, RBP=0x000000001b12ec50, RSI=0x000000001b12ec20, RDI=0x000000001ad789c0
R8 =0x00000000e0d3f530, R9 =0x0000000000000001, R10=0x000000000000000c, R11=0x000000001b12eb50
R12=0x0000000000000000, R13=0x000000000565183c, R14=0x000000001b12ecd8, R15=0x000000001a588000
RIP=0x0000000066be65b2, EFLAGS=0x0000000000010206

Top of Stack: (sp=0x000000001b12ebb0)
0x000000001b12ebb0:   000000001a5881f8 000000001b12ec50
0x000000001b12ebc0:   000000001b12ec20 0000000000000002
0x000000001b12ebd0:   000000002289ca98 00000000e0d3f4d8
0x000000001b12ebe0:   00000000e0d3f4d8 000000000545aacd
0x000000001b12ebf0:   0000000018797378 0000000000000000
0x000000001b12ec00:   0000000018797308 0000000000000000
0x000000001b12ec10:   00000000e0d3f4d8 000000001b12ec70
0x000000001b12ec20:   00000000e0d3f530 00000000e0d19490
0x000000001b12ec30:   000000001b12ec30 00000000185536a7
0x000000001b12ec40:   000000001b12ec80 0000000018557438
0x000000001b12ec50:   000000001b12ef30 00000000055a33a0
0x000000001b12ec60:   00000000e0d3f4d8 000000001b12ec80
0x000000001b12ec70:   000000001b12ecc8 00000000050d7ced
0x000000001b12ec80:   000000001b12ef30 00000000055ee55c
0x000000001b12ec90:   000000001878dfc9 000000001b12ecd8
0x000000001b12eca0:   000000001878e680 00000000228a6ce8 

Instructions: (pc=0x0000000066be65b2)
0x0000000066be6592:   53 48 83 ec 20 48 8b 01 48 89 cb 4c 89 c7 4c 89
0x0000000066be65a2:   ce 45 31 c0 4c 89 ca ff 90 f0 06 00 00 48 8b 13
0x0000000066be65b2:   f3 0f 10 4f 0c f3 0f 10 47 10 49 89 c0 45 31 c9
0x0000000066be65c2:   48 89 d9 f3 0f 11 08 4c 8b 92 f8 06 00 00 48 89 


Register to memory mapping:

RAX=0x00000000e0d3f540 is an oop

[error occurred during error reporting (printing register info), id 0xc0000005]

Stack: [0x000000001b030000,0x000000001b130000],  sp=0x000000001b12ebb0,  free space=1018k
Native frames: (J=compiled Java code, j=interpreted, Vv=VM code, C=native code)
C  [gdx-box2d64.dll+0x265b2]
C  0x000000000545aacd

Java frames: (J=compiled Java code, j=interpreted, Vv=VM code)
J 820  com.badlogic.gdx.physics.box2d.Body.jniGetPosition(J[F)V (0 bytes) @ 0x000000000545aa4f [0x000000000545aa00+0x4f]
J 1178 C2 com.badlogic.gdx.physics.box2d.Body.getPosition()Lcom/badlogic/gdx/math/Vector2; (43 bytes) @ 0x00000000055a33a0 [0x00000000055a3360+0x40]
J 1278 C1 com.mygdx.game.screens.PlayScreen.gameWin()Z (88 bytes) @ 0x00000000055ee55c [0x00000000055ee4c0+0x9c]
J 1389 C1 com.mygdx.game.screens.PlayScreen.render(F)V (373 bytes) @ 0x0000000005651864 [0x000000000564f4e0+0x2384]
J 1377 C1 com.mygdx.game.platformer.render()V (5 bytes) @ 0x00000000056355b4 [0x00000000056353a0+0x214]
j  com.badlogic.gdx.backends.lwjgl.LwjglApplication.mainLoop()V+698
j  com.badlogic.gdx.backends.lwjgl.LwjglApplication$1.run()V+27
v  ~StubRoutines::call_stub

---------------  P R O C E S S  ---------------

Java Threads: ( => current thread )
  0x000000001b92b800 JavaThread "LWJGL Timer" daemon [_thread_blocked, id=7252, stack(0x0000000021cb0000,0x0000000021db0000)]
  0x000000001b2c6800 JavaThread "AsynchExecutor-Thread" daemon [_thread_blocked, id=12204, stack(0x0000000021bb0000,0x0000000021cb0000)]
  0x0000000004fd2800 JavaThread "DestroyJavaVM" [_thread_blocked, id=584, stack(0x0000000004e30000,0x0000000004f30000)]
=>0x000000001a588000 JavaThread "LWJGL Application" [_thread_in_native, id=4100, stack(0x000000001b030000,0x000000001b130000)]
  0x000000001a2d9800 JavaThread "Service Thread" daemon [_thread_blocked, id=11356, stack(0x000000001a6a0000,0x000000001a7a0000)]
  0x0000000018958800 JavaThread "C1 CompilerThread2" daemon [_thread_blocked, id=7500, stack(0x000000001a1a0000,0x000000001a2a0000)]
  0x0000000018955000 JavaThread "C2 CompilerThread1" daemon [_thread_blocked, id=12336, stack(0x000000001a0a0000,0x000000001a1a0000)]
  0x0000000018951000 JavaThread "C2 CompilerThread0" daemon [_thread_blocked, id=11244, stack(0x0000000019fa0000,0x000000001a0a0000)]
  0x000000001894e800 JavaThread "Attach Listener" daemon [_thread_blocked, id=7320, stack(0x0000000019ea0000,0x0000000019fa0000)]
  0x000000001894d800 JavaThread "Signal Dispatcher" daemon [_thread_blocked, id=10364, stack(0x0000000019da0000,0x0000000019ea0000)]
  0x00000000050ca800 JavaThread "Finalizer" daemon [_thread_blocked, id=5772, stack(0x0000000019ba0000,0x0000000019ca0000)]
  0x00000000050c2000 JavaThread "Reference Handler" daemon [_thread_blocked, id=9404, stack(0x0000000019aa0000,0x0000000019ba0000)]

Other Threads:
  0x0000000018918000 VMThread [stack: 0x00000000199a0000,0x0000000019aa0000] [id=6312]
  0x000000001a2f3800 WatcherThread [stack: 0x000000001a7a0000,0x000000001a8a0000] [id=12104]

VM state:not at safepoint (normal execution)

VM Mutex/Monitor currently owned by a thread: None

Heap:
 PSYoungGen      total 28672K, used 9322K [0x00000000e0980000, 0x00000000e2980000, 0x0000000100000000)
  eden space 24576K, 21% used [0x00000000e0980000,0x00000000e0ea1878,0x00000000e2180000)
  from space 4096K, 99% used [0x00000000e2180000,0x00000000e25792e0,0x00000000e2580000)
  to   space 4096K, 0% used [0x00000000e2580000,0x00000000e2580000,0x00000000e2980000)
 ParOldGen       total 65536K, used 1292K [0x00000000a1c00000, 0x00000000a5c00000, 0x00000000e0980000)
  object space 65536K, 1% used [0x00000000a1c00000,0x00000000a1d43348,0x00000000a5c00000)
 Metaspace       used 9479K, capacity 9565K, committed 9728K, reserved 1058816K
  class space    used 885K, capacity 914K, committed 1024K, reserved 1048576K

Card table byte_map: [0x0000000014490000,0x0000000014790000] byte_map_base: 0x0000000013f82000

Marking Bits: (ParMarkBitMap*) 0x0000000075f5a5b0
 Begin Bits: [0x0000000014d90000, 0x0000000016520000)
 End Bits:   [0x0000000016520000, 0x0000000017cb0000)

Polling page: 0x0000000003540000

CodeCache: size=245760Kb used=5904Kb max_used=5904Kb free=239855Kb
 bounds [0x00000000050d0000, 0x00000000056b0000, 0x00000000140d0000]
 total_blobs=1936 nmethods=1430 adapters=419
 compilation: enabled

Compilation events (10 events):
Event: 20.018 Thread 0x0000000018955000 nmethod 1426 0x000000000566de10 code [0x000000000566df80, 0x000000000566e088]
Event: 20.551 Thread 0x0000000018958800 1427       3       com.badlogic.gdx.scenes.scene2d.ui.Value$Fixed::get (5 bytes)
Event: 20.551 Thread 0x0000000018958800 nmethod 1427 0x000000000566a990 code [0x000000000566aae0, 0x000000000566ac30]
Event: 20.751 Thread 0x0000000018951000 1428       4       com.badlogic.gdx.graphics.g2d.SpriteBatch::setupMatrices (76 bytes)
Event: 20.779 Thread 0x0000000018951000 nmethod 1428 0x00000000056824d0 code [0x00000000056826c0, 0x0000000005683290]
Event: 20.969 Thread 0x0000000018958800 1429   !   3       sun.nio.cs.StreamDecoder::read (196 bytes)
Event: 20.970 Thread 0x0000000018958800 nmethod 1429 0x0000000005685710 code [0x0000000005685940, 0x0000000005686668]
Event: 20.970 Thread 0x0000000018958800 1431       1       java.lang.System::getSecurityManager (4 bytes)
Event: 20.970 Thread 0x0000000018958800 nmethod 1431 0x000000000564ced0 code [0x000000000564d020, 0x000000000564d110]
Event: 20.970 Thread 0x0000000018958800 1430       3       sun.nio.cs.StreamDecoder::implRead (243 bytes)

GC Heap History (2 events):
Event: 12.471 GC heap before
{Heap before GC invocations=1 (full 0):
 PSYoungGen      total 28672K, used 24576K [0x00000000e0980000, 0x00000000e2980000, 0x0000000100000000)
  eden space 24576K, 100% used [0x00000000e0980000,0x00000000e2180000,0x00000000e2180000)
  from space 4096K, 0% used [0x00000000e2580000,0x00000000e2580000,0x00000000e2980000)
  to   space 4096K, 0% used [0x00000000e2180000,0x00000000e2180000,0x00000000e2580000)
 ParOldGen       total 65536K, used 0K [0x00000000a1c00000, 0x00000000a5c00000, 0x00000000e0980000)
  object space 65536K, 0% used [0x00000000a1c00000,0x00000000a1c00000,0x00000000a5c00000)
 Metaspace       used 9415K, capacity 9565K, committed 9728K, reserved 1058816K
  class space    used 884K, capacity 914K, committed 1024K, reserved 1048576K
Event: 12.477 GC heap after
Heap after GC invocations=1 (full 0):
 PSYoungGen      total 28672K, used 4068K [0x00000000e0980000, 0x00000000e2980000, 0x0000000100000000)
  eden space 24576K, 0% used [0x00000000e0980000,0x00000000e0980000,0x00000000e2180000)
  from space 4096K, 99% used [0x00000000e2180000,0x00000000e25792e0,0x00000000e2580000)
  to   space 4096K, 0% used [0x00000000e2580000,0x00000000e2580000,0x00000000e2980000)
 ParOldGen       total 65536K, used 1292K [0x00000000a1c00000, 0x00000000a5c00000, 0x00000000e0980000)
  object space 65536K, 1% used [0x00000000a1c00000,0x00000000a1d43348,0x00000000a5c00000)
 Metaspace       used 9415K, capacity 9565K, committed 9728K, reserved 1058816K
  class space    used 884K, capacity 914K, committed 1024K, reserved 1048576K
}

Deoptimization events (10 events):
Event: 7.354 Thread 0x000000001a588000 Uncommon trap: reason=unstable_if action=reinterpret pc=0x0000000005333b24 method=javazoom.jl.decoder.huffcodetab.huffman_decoder(Ljavazoom/jl/decoder/huffcodetab;[I[I[I[ILjavazoom/jl/decoder/BitReserve;)I @ 27
Event: 11.614 Thread 0x000000001a588000 Uncommon trap: reason=array_check action=maybe_recompile pc=0x00000000054de38c method=com.badlogic.gdx.utils.Array.add(Ljava/lang/Object;)V @ 46
Event: 11.614 Thread 0x000000001a588000 Uncommon trap: reason=array_check action=maybe_recompile pc=0x00000000054de38c method=com.badlogic.gdx.utils.Array.add(Ljava/lang/Object;)V @ 46
Event: 11.614 Thread 0x000000001a588000 Uncommon trap: reason=array_check action=maybe_recompile pc=0x00000000054de38c method=com.badlogic.gdx.utils.Array.add(Ljava/lang/Object;)V @ 46
Event: 11.615 Thread 0x000000001a588000 Uncommon trap: reason=unstable_if action=reinterpret pc=0x00000000054de018 method=com.badlogic.gdx.utils.Array$ArrayIterable.iterator()Ljava/util/Iterator; @ 4
Event: 12.469 Thread 0x000000001a588000 Uncommon trap: reason=unstable_if action=reinterpret pc=0x00000000053ea00c method=java.lang.String.trim()Ljava/lang/String; @ 15
Event: 12.495 Thread 0x000000001a588000 Uncommon trap: reason=array_check action=maybe_recompile pc=0x00000000054de38c method=com.badlogic.gdx.utils.Array.add(Ljava/lang/Object;)V @ 46
Event: 12.533 Thread 0x000000001a588000 Uncommon trap: reason=unstable_if action=reinterpret pc=0x00000000055d835c method=com.badlogic.gdx.utils.Array.iterator()Ljava/util/Iterator; @ 4
Event: 12.538 Thread 0x000000001a588000 Uncommon trap: reason=unstable_if action=reinterpret pc=0x0000000005510588 method=com.badlogic.gdx.utils.Array.iterator()Ljava/util/Iterator; @ 4
Event: 12.538 Thread 0x000000001a588000 Uncommon trap: reason=unstable_if action=reinterpret pc=0x00000000054ecdd8 method=com.badlogic.gdx.physics.box2d.Fixture.getShape()Lcom/badlogic/gdx/physics/box2d/Shape; @ 4

Internal exceptions (10 events):
Event: 0.423 Thread 0x0000000004fd2800 Exception <a 'java/security/PrivilegedActionException'> (0x00000000e0dd1cb0) thrown at [C:\re\workspace\8-2-build-windows-amd64-cygwin\jdk8u60\4407\hotspot\src\share\vm\prims\jvm.cpp, line 1386]
Event: 0.424 Thread 0x0000000004fd2800 Exception <a 'java/security/PrivilegedActionException'> (0x00000000e0dd39a8) thrown at [C:\re\workspace\8-2-build-windows-amd64-cygwin\jdk8u60\4407\hotspot\src\share\vm\prims\jvm.cpp, line 1386]
Event: 0.424 Thread 0x0000000004fd2800 Exception <a 'java/security/PrivilegedActionException'> (0x00000000e0dd4b18) thrown at [C:\re\workspace\8-2-build-windows-amd64-cygwin\jdk8u60\4407\hotspot\src\share\vm\prims\jvm.cpp, line 1386]
Event: 0.424 Thread 0x0000000004fd2800 Exception <a 'java/security/PrivilegedActionException'> (0x00000000e0dd9c80) thrown at [C:\re\workspace\8-2-build-windows-amd64-cygwin\jdk8u60\4407\hotspot\src\share\vm\prims\jvm.cpp, line 1386]
Event: 0.424 Thread 0x0000000004fd2800 Exception <a 'java/security/PrivilegedActionException'> (0x00000000e0dda8d8) thrown at [C:\re\workspace\8-2-build-windows-amd64-cygwin\jdk8u60\4407\hotspot\src\share\vm\prims\jvm.cpp, line 1386]
Event: 0.424 Thread 0x0000000004fd2800 Exception <a 'java/security/PrivilegedActionException'> (0x00000000e0ddb500) thrown at [C:\re\workspace\8-2-build-windows-amd64-cygwin\jdk8u60\4407\hotspot\src\share\vm\prims\jvm.cpp, line 1386]
Event: 11.615 Thread 0x000000001a588000 Implicit null exception at 0x00000000054ddfb0 to 0x00000000054de005
Event: 12.533 Thread 0x000000001a588000 Implicit null exception at 0x00000000055d80db to 0x00000000055d8345
Event: 12.538 Thread 0x000000001a588000 Implicit null exception at 0x0000000005510100 to 0x0000000005510561
Event: 12.538 Thread 0x000000001a588000 Implicit null exception at 0x00000000054ea84a to 0x00000000054ecdb9

Events (10 events):
Event: 12.538 Thread 0x000000001a588000 Uncommon trap: trap_request=0xffffff65 fr.pc=0x0000000005510588
Event: 12.538 Thread 0x000000001a588000 DEOPT PACKING pc=0x0000000005510588 sp=0x000000001b12ebb0
Event: 12.538 Thread 0x000000001a588000 DEOPT UNPACKING pc=0x000000000511582a sp=0x000000001b12eb10 mode 2
Event: 12.538 Thread 0x000000001a588000 Uncommon trap: trap_request=0xffffff65 fr.pc=0x00000000054ecdd8
Event: 12.538 Thread 0x000000001a588000 DEOPT PACKING pc=0x00000000054ecdd8 sp=0x000000001b12eb10
Event: 12.538 Thread 0x000000001a588000 DEOPT UNPACKING pc=0x000000000511582a sp=0x000000001b12ea60 mode 2
Event: 17.834 Thread 0x000000001a588000 DEOPT PACKING pc=0x000000000552cc7c sp=0x000000001b12ebf0
Event: 17.834 Thread 0x000000001a588000 DEOPT UNPACKING pc=0x000000000511787f sp=0x000000001b12e9b0 mode 0
Event: 17.982 Thread 0x000000001a588000 DEOPT PACKING pc=0x000000000553f709 sp=0x000000001b12eb60
Event: 17.982 Thread 0x000000001a588000 DEOPT UNPACKING pc=0x000000000511787f sp=0x000000001b12e8c8 mode 0


Dynamic libraries:
0x00007ff66bce0000 - 0x00007ff66bd17000 	C:\Program Files\Java\jdk1.8.0_60\bin\java.exe
0x00007ffe78820000 - 0x00007ffe78a00000 	C:\WINDOWS\SYSTEM32\ntdll.dll
0x00007ffe75ed0000 - 0x00007ffe75f7e000 	C:\WINDOWS\System32\KERNEL32.DLL
0x00007ffe74c70000 - 0x00007ffe74ed6000 	C:\WINDOWS\System32\KERNELBASE.dll
0x00007ffe786a0000 - 0x00007ffe78741000 	C:\WINDOWS\System32\ADVAPI32.dll
0x00007ffe75e30000 - 0x00007ffe75ecd000 	C:\WINDOWS\System32\msvcrt.dll
0x00007ffe77f50000 - 0x00007ffe77fab000 	C:\WINDOWS\System32\sechost.dll
0x00007ffe77a20000 - 0x00007ffe77b3f000 	C:\WINDOWS\System32\RPCRT4.dll
0x00007ffe77fb0000 - 0x00007ffe7813f000 	C:\WINDOWS\System32\USER32.dll
0x00007ffe75cd0000 - 0x00007ffe75cf0000 	C:\WINDOWS\System32\win32u.dll
0x00007ffe765b0000 - 0x00007ffe765d8000 	C:\WINDOWS\System32\GDI32.dll
0x00007ffe75b30000 - 0x00007ffe75cc3000 	C:\WINDOWS\System32\gdi32full.dll
0x00007ffe752e0000 - 0x00007ffe7537b000 	C:\WINDOWS\System32\msvcp_win.dll
0x00007ffe74ee0000 - 0x00007ffe74fd6000 	C:\WINDOWS\System32\ucrtbase.dll
0x00007ffe6d370000 - 0x00007ffe6d5d9000 	C:\WINDOWS\WinSxS\amd64_microsoft.windows.common-controls_6595b64144ccf1df_6.0.16299.192_none_15c8cdae9364c23b\COMCTL32.dll
0x00007ffe762a0000 - 0x00007ffe765a8000 	C:\WINDOWS\System32\combase.dll
0x00007ffe75260000 - 0x00007ffe752d2000 	C:\WINDOWS\System32\bcryptPrimitives.dll
0x00007ffe77f20000 - 0x00007ffe77f4d000 	C:\WINDOWS\System32\IMM32.DLL
0x00000000760d0000 - 0x00000000761a2000 	C:\Program Files\Java\jdk1.8.0_60\jre\bin\msvcr100.dll
0x0000000075750000 - 0x0000000075fd9000 	C:\Program Files\Java\jdk1.8.0_60\jre\bin\server\jvm.dll
0x00007ffe78750000 - 0x00007ffe78758000 	C:\WINDOWS\System32\PSAPI.DLL
0x00007ffe72860000 - 0x00007ffe72883000 	C:\WINDOWS\SYSTEM32\WINMM.dll
0x00007ffe6dd20000 - 0x00007ffe6dd2a000 	C:\WINDOWS\SYSTEM32\VERSION.dll
0x00007ffe69440000 - 0x00007ffe69449000 	C:\WINDOWS\SYSTEM32\WSOCK32.dll
0x00007ffe78770000 - 0x00007ffe787dc000 	C:\WINDOWS\System32\WS2_32.dll
0x00007ffe72800000 - 0x00007ffe7282a000 	C:\WINDOWS\SYSTEM32\WINMMBASE.dll
0x00007ffe74c20000 - 0x00007ffe74c6a000 	C:\WINDOWS\System32\cfgmgr32.dll
0x00000000760c0000 - 0x00000000760cf000 	C:\Program Files\Java\jdk1.8.0_60\jre\bin\verify.dll
0x00000000756e0000 - 0x0000000075709000 	C:\Program Files\Java\jdk1.8.0_60\jre\bin\java.dll
0x00000000756c0000 - 0x00000000756d6000 	C:\Program Files\Java\jdk1.8.0_60\jre\bin\zip.dll
0x00007ffe765e0000 - 0x00007ffe77a16000 	C:\WINDOWS\System32\SHELL32.dll
0x00007ffe760f0000 - 0x00007ffe76196000 	C:\WINDOWS\System32\shcore.dll
0x00007ffe753e0000 - 0x00007ffe75b27000 	C:\WINDOWS\System32\windows.storage.dll
0x00007ffe75cf0000 - 0x00007ffe75d41000 	C:\WINDOWS\System32\shlwapi.dll
0x00007ffe74b90000 - 0x00007ffe74ba1000 	C:\WINDOWS\System32\kernel.appcore.dll
0x00007ffe74bd0000 - 0x00007ffe74c1c000 	C:\WINDOWS\System32\powrprof.dll
0x00007ffe74b70000 - 0x00007ffe74b8b000 	C:\WINDOWS\System32\profapi.dll
0x0000000065580000 - 0x0000000065616000 	C:\Users\¬Î‡‰\AppData\Local\Temp\libgdx¬Î‡‰\38c81921\gdx64.dll
0x00007ffe745d0000 - 0x00007ffe745e7000 	C:\WINDOWS\SYSTEM32\CRYPTSP.dll
0x00007ffe73fb0000 - 0x00007ffe73fe3000 	C:\WINDOWS\system32\rsaenh.dll
0x00007ffe746d0000 - 0x00007ffe746f5000 	C:\WINDOWS\SYSTEM32\bcrypt.dll
0x00007ffe74aa0000 - 0x00007ffe74ac9000 	C:\WINDOWS\SYSTEM32\USERENV.dll
0x00007ffe745c0000 - 0x00007ffe745cb000 	C:\WINDOWS\SYSTEM32\CRYPTBASE.dll
0x00000000756a0000 - 0x00000000756ba000 	C:\Program Files\Java\jdk1.8.0_60\jre\bin\net.dll
0x00007ffe74400000 - 0x00007ffe74466000 	C:\WINDOWS\system32\mswsock.dll
0x00007ffe74180000 - 0x00007ffe741b9000 	C:\WINDOWS\SYSTEM32\IPHLPAPI.DLL
0x00007ffe78760000 - 0x00007ffe78768000 	C:\WINDOWS\System32\NSI.dll
0x00007ffe6c610000 - 0x00007ffe6c626000 	C:\WINDOWS\SYSTEM32\dhcpcsvc6.DLL
0x00007ffe6c5f0000 - 0x00007ffe6c60a000 	C:\WINDOWS\SYSTEM32\dhcpcsvc.DLL
0x0000000075680000 - 0x0000000075691000 	C:\Program Files\Java\jdk1.8.0_60\jre\bin\nio.dll
0x0000000180000000 - 0x0000000180053000 	C:\Users\¬Î‡‰\AppData\Local\Temp\libgdx¬Î‡‰\dc0f0009\lwjgl64.dll
0x00007ffe51e60000 - 0x00007ffe51f7e000 	C:\WINDOWS\SYSTEM32\OPENGL32.dll
0x00007ffe51df0000 - 0x00007ffe51e1c000 	C:\WINDOWS\SYSTEM32\GLU32.dll
0x0000000003610000 - 0x0000000003674000 	C:\Users\46AD~1\AppData\Local\Temp\libgdx¬Î‡‰\dc0f0009\OpenAL64.dll
0x00007ffe77dd0000 - 0x00007ffe77f19000 	C:\WINDOWS\System32\ole32.dll
0x00007ffe72f20000 - 0x00007ffe72fb5000 	C:\WINDOWS\system32\uxtheme.dll
0x00007ffe761a0000 - 0x00007ffe7623e000 	C:\WINDOWS\System32\clbcatq.dll
0x00007ffe73730000 - 0x00007ffe738e1000 	C:\WINDOWS\System32\PROPSYS.dll
0x00007ffe77b60000 - 0x00007ffe77c25000 	C:\WINDOWS\System32\OLEAUT32.dll
0x00007ffe45110000 - 0x00007ffe4519f000 	C:\WINDOWS\SYSTEM32\dsound.dll
0x00007ffe6ccd0000 - 0x00007ffe6cd3f000 	C:\WINDOWS\System32\MMDevApi.dll
0x00007ffe749a0000 - 0x00007ffe749c7000 	C:\WINDOWS\System32\DEVOBJ.dll
0x00007ffe4e0e0000 - 0x00007ffe4e202000 	C:\WINDOWS\SYSTEM32\AUDIOSES.DLL
0x00007ffe70cb0000 - 0x00007ffe70de6000 	C:\WINDOWS\SYSTEM32\wintypes.dll
0x00007ffe71290000 - 0x00007ffe7129a000 	C:\WINDOWS\SYSTEM32\AVRT.dll
0x00007ffe75f80000 - 0x00007ffe760e7000 	C:\WINDOWS\System32\MSCTF.dll
0x00007ffe73150000 - 0x00007ffe7317a000 	C:\WINDOWS\system32\dwmapi.dll
0x00007ffe68da0000 - 0x00007ffe68e38000 	C:\WINDOWS\System32\TextInputFramework.dll
0x00007ffe70e00000 - 0x00007ffe710ee000 	C:\WINDOWS\System32\CoreUIComponents.dll
0x00007ffe718f0000 - 0x00007ffe719cc000 	C:\WINDOWS\System32\CoreMessaging.dll
0x00007ffe73cb0000 - 0x00007ffe73ce1000 	C:\WINDOWS\SYSTEM32\ntmarta.dll
0x0000000072e70000 - 0x0000000074fc0000 	C:\WINDOWS\SYSTEM32\nvoglv64.DLL
0x00007ffe78250000 - 0x00007ffe7869e000 	C:\WINDOWS\System32\SETUPAPI.dll
0x00007ffe71870000 - 0x00007ffe71883000 	C:\WINDOWS\SYSTEM32\WTSAPI32.dll
0x00007ffe75380000 - 0x00007ffe753d8000 	C:\WINDOWS\System32\WINTRUST.dll
0x00007ffe74bb0000 - 0x00007ffe74bc2000 	C:\WINDOWS\System32\MSASN1.dll
0x00007ffe74fe0000 - 0x00007ffe751ae000 	C:\WINDOWS\System32\CRYPT32.dll
0x00007ffe6a850000 - 0x00007ffe6a8e7000 	C:\WINDOWS\SYSTEM32\mscms.dll
0x00007ffe59b90000 - 0x00007ffe59bd1000 	C:\WINDOWS\SYSTEM32\icm32.dll
0x00007ffe74040000 - 0x00007ffe74095000 	C:\WINDOWS\SYSTEM32\WINSTA.dll
0x00007ffe739e0000 - 0x00007ffe73a8f000 	C:\WINDOWS\system32\dxgi.dll
0x00007ffe3d920000 - 0x00007ffe3f051000 	C:\WINDOWS\System32\DriverStore\FileRepository\nvami.inf_amd64_11a67240324f74de\nvwgf2umx.dll
0x00007ffe4d400000 - 0x00007ffe4d5b7000 	C:\WINDOWS\system32\nvspcap64.dll
0x00007ffe708c0000 - 0x00007ffe7099e000 	C:\WINDOWS\SYSTEM32\WINHTTP.dll
0x00007ffe6ab60000 - 0x00007ffe6af5b000 	C:\WINDOWS\system32\nvapi64.dll
0x00007ffe74a70000 - 0x00007ffe74aa0000 	C:\WINDOWS\SYSTEM32\SspiCli.dll
0x00007ffe71e00000 - 0x00007ffe720e1000 	C:\WINDOWS\SYSTEM32\d3d11.dll
0x0000000066bc0000 - 0x0000000066c7b000 	C:\Users\¬Î‡‰\AppData\Local\Temp\libgdx¬Î‡‰\935f82d0\gdx-box2d64.dll
0x00007ffe6c640000 - 0x00007ffe6c808000 	C:\WINDOWS\SYSTEM32\dbghelp.dll

VM Arguments:
jvm_args: -Dfile.encoding=windows-1251 -Duser.country=RU -Duser.language=ru -Duser.variant 
java_command: com.mygdx.game.desktop.DesktopLauncher
java_class_path (initial): D:\MushroomBoy\desktop\build\classes\main;D:\MushroomBoy\desktop\build\resources\main;D:\MushroomBoy\core\build\libs\core-1.0.jar;C:\Users\¬Î‡‰\.gradle\caches\modules-2\files-2.1\com.badlogicgames.gdx\gdx-backend-lwjgl\1.9.6\ee7c23636ee4a942d329579daecc3ec5e517fe4c\gdx-backend-lwjgl-1.9.6.jar;C:\Users\¬Î‡‰\.gradle\caches\modules-2\files-2.1\com.badlogicgames.gdx\gdx-platform\1.9.6\6f84dd7a18dc68e4ec492dfbb0594f930babcf63\gdx-platform-1.9.6-natives-desktop.jar;C:\Users\¬Î‡‰\.gradle\caches\modules-2\files-2.1\com.badlogicgames.gdx\gdx-box2d-platform\1.9.6\d7b6168f5afd3948fd126c0b248f66c49b73ca35\gdx-box2d-platform-1.9.6-natives-desktop.jar;C:\Users\¬Î‡‰\.gradle\caches\modules-2\files-2.1\com.badlogicgames.gdx\gdx\1.9.6\47d1e9b890e364ec28f128e9bb3b9a12a94c164\gdx-1.9.6.jar;C:\Users\¬Î‡‰\.gradle\caches\modules-2\files-2.1\com.badlogicgames.gdx\gdx-box2d\1.9.6\c249ef4060a4fada952f278455c8f7b9cba3c18a\gdx-box2d-1.9.6.jar;C:\Users\¬Î‡‰\.gradle\caches\modules-2\files-2.1\org.lwjgl.lwjgl\lwjgl\2.9.2\a9d80fe5935c7a9149f6584d9777cfd471f65489\lwjgl-2.9.2.jar;C:\Users\¬Î‡‰\.gradle\caches\modules-2\files-2.1\org.lwjgl.lwjgl\lwjgl_util\2.9.2\4b9e37300a87799856e0bd15ed81663cdb6b0947\lwjgl_util-2.9.2.jar;C:\Users\¬Î‡‰\.gradle\caches\modules-2\files-2.1\com.badlogicgames.jlayer\jlayer\1.0.1-gdx\7cca83cec5c1b2f011362f4d85aabd71a73b049d\jlayer-1.0.1-gdx.jar;C:\Users\¬Î‡‰\.gradle\caches\modules-2\files-2.1\org.jcraft\jorbis\0.0.17\8872d22b293e8f5d7d56ff92be966e6dc28ebdc6\jorbis-0.0.17.jar;C:\Users\¬Î‡‰\.gradle\caches\modules-2\files-2.1\org.lwjgl.lwjgl\lwjgl-platform\2.9.2\510c7d317f5e9e700b9cfaac5fd38bdebf0702e0\lwjgl-platform-2.9.2-natives-windows.jar;C:\Users\¬Î‡‰\.gradle\caches\modules-2\files-2.1\org.lwjgl.lwjgl\lwjgl-platform\2.9.2\d276cdf61fe2b516c7b7f4aa1b8dea91dbdc8d56\lwjgl-platform-2.9.2-natives-linux.jar;C:\Users\¬Î‡‰\.gradle\caches\modules-2\files-2.1\org.lwjgl.lwjgl\lwjgl-platform\2.9.2\d55b46b40b40249d627a83a7f7f22649709d70c3\lwjgl-platform-2.
Launcher Type: SUN_STANDARD

Environment Variables:
CLASSPATH=C:\LINGO64_17\Lingo17.jar
PATH=C:\Program Files (x86)\Common Files\Intel\Shared Files\cpp\bin\Intel64;C:\oraclexe\app\oracle\product\11.2.0\server\bin;C:\ProgramData\Oracle\Java\javapath;C:\Program Files (x86)\Intel\iCLS Client\;C:\Program Files\Intel\iCLS Client\;C:\WINDOWS\system32;C:\WINDOWS;C:\WINDOWS\System32\Wbem;C:\WINDOWS\System32\WindowsPowerShell\v1.0\;C:\Program Files\Intel\Intel(R) Management Engine Components\DAL;C:\Program Files\Intel\Intel(R) Management Engine Components\IPT;C:\Program Files (x86)\Intel\Intel(R) Management Engine Components\DAL;C:\Program Files (x86)\Intel\Intel(R) Management Engine Components\IPT;C:\Program Files (x86)\Intel\OpenCL SDK\2.0\bin\x86;C:\Program Files (x86)\Intel\OpenCL SDK\2.0\bin\x64;C:\Program Files (x86)\Microsoft SQL Server\100\Tools\Binn\;C:\Program Files\Microsoft SQL Server\100\Tools\Binn\;C:\Program Files\Microsoft SQL Server\100\DTS\Binn\;c:\altera\91\quartus\bin;C:\Program Files\doxygen\bin;C:\Program Files\Microsoft SQL Server\110\Tools\Binn\;C:\Program Files (x86)\NVIDIA Corporation\PhysX\Common;C:\Program Files (x86)\Skype\Phone\;D:\FlexBison;C:\LINGO64_17\;C:\Program Files\Git\cmd;C:\Program Files\nodejs\;C:\Program Files\SourceGear\Common\DiffMerge\;C:\Program Files\TortoiseHg\;%SystemRoot%\system32;%SystemRoot%;%SystemRoot%\System32\Wbem;%SYSTEMROOT%\System32\WindowsPowerShell\v1.0\;C:\Users\¬Î‡‰\AppData\Local\Microsoft\WindowsApps;;C:\Program Files\Microsoft VS Code\bin;C:\Users\¬Î‡‰\AppData\Roaming\npm
USERNAME=¬Î‡‰
OS=Windows_NT
PROCESSOR_IDENTIFIER=Intel64 Family 6 Model 58 Stepping 9, GenuineIntel



---------------  S Y S T E M  ---------------

OS: Windows 10.0 , 64 bit Build 16299 (10.0.16299.15)

CPU:total 4 (2 cores per cpu, 2 threads per core) family 6 model 58 stepping 9, cmov, cx8, fxsr, mmx, sse, sse2, sse3, ssse3, sse4.1, sse4.2, popcnt, avx, aes, clmul, erms, ht, tsc, tscinvbit, tscinv

Memory: 4k page, physical 6174212k(813632k free), swap 15595012k(5763776k free)

vm_info: Java HotSpot(TM) 64-Bit Server VM (25.60-b23) for windows-amd64 JRE (1.8.0_60-b27), built on Aug  4 2015 11:06:27 by "java_re" with MS VC++ 10.0 (VS2010)

time: Sun Jan 28 15:34:53 2018
elapsed time: 21 seconds (0d 0h 0m 21s)

