#
# A fatal error has been detected by the Java Runtime Environment:
#
#  EXCEPTION_ACCESS_VIOLATION (0xc0000005) at pc=0x0000000066be65b2, pid=12300, tid=6356
#
# JRE version: Java(TM) SE Runtime Environment (8.0_60-b27) (build 1.8.0_60-b27)
# Java VM: Java HotSpot(TM) 64-Bit Server VM (25.60-b23 mixed mode windows-amd64 compressed oops)
# Problematic frame:
# C  [gdx-box2d64.dll+0x265b2]
#
# Failed to write core dump. Minidumps are not enabled by default on client versions of Windows
#
# If you would like to submit a bug report, please visit:
#   http://bugreport.java.com/bugreport/crash.jsp
# The crash happened outside the Java Virtual Machine in native code.
# See problematic frame for where to report the bug.
#

---------------  T H R E A D  ---------------

Current thread (0x000000001a76c800):  JavaThread "LWJGL Application" [_thread_in_native, id=6356, stack(0x000000001b3d0000,0x000000001b4d0000)]

siginfo: ExceptionCode=0xc0000005, reading address 0x000000001b0f89cc

Registers:
RAX=0x00000000e11ec7f0, RBX=0x000000001a76c9f8, RCX=0x0000000000000000, RDX=0x0000000075ee5d40
RSP=0x000000001b4ceea0, RBP=0x000000001b4cef40, RSI=0x000000001b4cef10, RDI=0x000000001b0f89c0
R8 =0x00000000e11ec7e0, R9 =0x0000000000000001, R10=0x000000000000000c, R11=0x000000001b4cee40
R12=0x0000000000000000, R13=0x00000000057d7634, R14=0x000000001b4cefc8, R15=0x000000001a76c800
RIP=0x0000000066be65b2, EFLAGS=0x0000000000010206

Top of Stack: (sp=0x000000001b4ceea0)
0x000000001b4ceea0:   000000001a76c9f8 000000001b4cef40
0x000000001b4ceeb0:   000000001b4cef10 0000000000000002
0x000000001b4ceec0:   000000002245e6b0 00000000e11ec788
0x000000001b4ceed0:   00000000e11ec788 000000000566a50d
0x000000001b4ceee0:   0000000018987510 0000000000000000
0x000000001b4ceef0:   00000000189874a0 0000000000000000
0x000000001b4cef00:   00000000e11ec788 000000001b4cef60
0x000000001b4cef10:   00000000e11ec7e0 00000000e11c6738
0x000000001b4cef20:   000000001b4cef20 00000000187436a7
0x000000001b4cef30:   000000001b4cef70 0000000018747438
0x000000001b4cef40:   00000000e2180eb0 000000000577ace0
0x000000001b4cef50:   00000000e11ec788 000000001b4cef70
0x000000001b4cef60:   000000001b4cefb8 00000000052c7ced
0x000000001b4cef70:   00000000e2180eb0 00000000057e744c
0x000000001b4cef80:   000000001897e159 000000001b4cefc8
0x000000001b4cef90:   000000001897e810 0000000022463840 

Instructions: (pc=0x0000000066be65b2)
0x0000000066be6592:   53 48 83 ec 20 48 8b 01 48 89 cb 4c 89 c7 4c 89
0x0000000066be65a2:   ce 45 31 c0 4c 89 ca ff 90 f0 06 00 00 48 8b 13
0x0000000066be65b2:   f3 0f 10 4f 0c f3 0f 10 47 10 49 89 c0 45 31 c9
0x0000000066be65c2:   48 89 d9 f3 0f 11 08 4c 8b 92 f8 06 00 00 48 89 


Register to memory mapping:

RAX=0x00000000e11ec7f0 is an oop

[error occurred during error reporting (printing register info), id 0xc0000005]

Stack: [0x000000001b3d0000,0x000000001b4d0000],  sp=0x000000001b4ceea0,  free space=1019k
Native frames: (J=compiled Java code, j=interpreted, Vv=VM code, C=native code)
C  [gdx-box2d64.dll+0x265b2]
C  0x000000000566a50d

Java frames: (J=compiled Java code, j=interpreted, Vv=VM code)
J 828  com.badlogic.gdx.physics.box2d.Body.jniGetPosition(J[F)V (0 bytes) @ 0x000000000566a48f [0x000000000566a440+0x4f]
J 1156 C2 com.badlogic.gdx.physics.box2d.Body.getPosition()Lcom/badlogic/gdx/math/Vector2; (43 bytes) @ 0x000000000577ace0 [0x000000000577aca0+0x40]
J 1266 C1 com.mygdx.game.screens.PlayScreen.gameWin()Z (88 bytes) @ 0x00000000057e744c [0x00000000057e73c0+0x8c]
J 1244 C1 com.mygdx.game.screens.PlayScreen.render(F)V (373 bytes) @ 0x00000000057d765c [0x00000000057d52e0+0x237c]
J 1508 C2 com.mygdx.game.platformer.render()V (5 bytes) @ 0x00000000058d0d8c [0x00000000058d0d20+0x6c]
j  com.badlogic.gdx.backends.lwjgl.LwjglApplication.mainLoop()V+698
j  com.badlogic.gdx.backends.lwjgl.LwjglApplication$1.run()V+27
v  ~StubRoutines::call_stub

---------------  P R O C E S S  ---------------

Java Threads: ( => current thread )
  0x0000000022687800 JavaThread "LWJGL Timer" daemon [_thread_blocked, id=6016, stack(0x000000001f4e0000,0x000000001f5e0000)]
  0x000000001b999800 JavaThread "AsynchExecutor-Thread" daemon [_thread_blocked, id=1188, stack(0x000000001f1e0000,0x000000001f2e0000)]
  0x00000000051c2800 JavaThread "DestroyJavaVM" [_thread_blocked, id=10384, stack(0x0000000005010000,0x0000000005110000)]
=>0x000000001a76c800 JavaThread "LWJGL Application" [_thread_in_native, id=6356, stack(0x000000001b3d0000,0x000000001b4d0000)]
  0x0000000018b9d800 JavaThread "Service Thread" daemon [_thread_blocked, id=9652, stack(0x000000001a8a0000,0x000000001a9a0000)]
  0x0000000018b55800 JavaThread "C1 CompilerThread2" daemon [_thread_blocked, id=7100, stack(0x000000001a3a0000,0x000000001a4a0000)]
  0x0000000018b40000 JavaThread "C2 CompilerThread1" daemon [_thread_blocked, id=1356, stack(0x000000001a2a0000,0x000000001a3a0000)]
  0x0000000018b4c800 JavaThread "C2 CompilerThread0" daemon [_thread_blocked, id=8344, stack(0x000000001a1a0000,0x000000001a2a0000)]
  0x0000000018b49800 JavaThread "Attach Listener" daemon [_thread_blocked, id=10504, stack(0x000000001a0a0000,0x000000001a1a0000)]
  0x0000000018b48800 JavaThread "Signal Dispatcher" daemon [_thread_blocked, id=11624, stack(0x0000000019fa0000,0x000000001a0a0000)]
  0x00000000052b9800 JavaThread "Finalizer" daemon [_thread_blocked, id=3440, stack(0x0000000019da0000,0x0000000019ea0000)]
  0x00000000052b1000 JavaThread "Reference Handler" daemon [_thread_blocked, id=12552, stack(0x0000000019ca0000,0x0000000019da0000)]

Other Threads:
  0x0000000018b08000 VMThread [stack: 0x0000000019ba0000,0x0000000019ca0000] [id=1464]
  0x000000001a4f0000 WatcherThread [stack: 0x000000001a9a0000,0x000000001aaa0000] [id=11652]

VM state:not at safepoint (normal execution)

VM Mutex/Monitor currently owned by a thread: None

Heap:
 PSYoungGen      total 28672K, used 13720K [0x00000000e0980000, 0x00000000e2980000, 0x0000000100000000)
  eden space 24576K, 39% used [0x00000000e0980000,0x00000000e12ebfd8,0x00000000e2180000)
  from space 4096K, 99% used [0x00000000e2180000,0x00000000e257a150,0x00000000e2580000)
  to   space 4096K, 0% used [0x00000000e2580000,0x00000000e2580000,0x00000000e2980000)
 ParOldGen       total 65536K, used 1928K [0x00000000a1c00000, 0x00000000a5c00000, 0x00000000e0980000)
  object space 65536K, 2% used [0x00000000a1c00000,0x00000000a1de2230,0x00000000a5c00000)
 Metaspace       used 9534K, capacity 9629K, committed 9984K, reserved 1058816K
  class space    used 885K, capacity 914K, committed 1024K, reserved 1048576K

Card table byte_map: [0x0000000014680000,0x0000000014980000] byte_map_base: 0x0000000014172000

Marking Bits: (ParMarkBitMap*) 0x0000000075f5a5b0
 Begin Bits: [0x0000000014f80000, 0x0000000016710000)
 End Bits:   [0x0000000016710000, 0x0000000017ea0000)

Polling page: 0x0000000003370000

CodeCache: size=245760Kb used=6628Kb max_used=6628Kb free=239131Kb
 bounds [0x00000000052c0000, 0x0000000005950000, 0x00000000142c0000]
 total_blobs=2112 nmethods=1606 adapters=419
 compilation: enabled

Compilation events (10 events):
Event: 122.386 Thread 0x0000000018b55800 1601       3       com.badlogic.gdx.utils.LongMap::values (97 bytes)
Event: 122.387 Thread 0x0000000018b55800 nmethod 1601 0x0000000005936b10 code [0x0000000005936d00, 0x00000000059374d8]
Event: 124.705 Thread 0x0000000018b4c800 1602       4       java.lang.Integer::parseInt (261 bytes)
Event: 124.705 Thread 0x0000000018b55800 1603       3       java.util.regex.Pattern$Node::<init> (12 bytes)
Event: 124.705 Thread 0x0000000018b55800 nmethod 1603 0x0000000005937990 code [0x0000000005937b00, 0x0000000005937cd0]
Event: 124.705 Thread 0x0000000018b55800 1604       3       java.util.regex.Pattern$Slice::match (79 bytes)
Event: 124.706 Thread 0x0000000018b55800 nmethod 1604 0x0000000005937d90 code [0x0000000005937f20, 0x00000000059383b8]
Event: 124.706 Thread 0x0000000018b55800 1605       3       java.util.regex.Pattern::next (33 bytes)
Event: 124.706 Thread 0x0000000018b55800 nmethod 1605 0x0000000005938590 code [0x0000000005938700, 0x00000000059389c8]
Event: 124.710 Thread 0x0000000018b55800 1606       3       com.badlogic.gdx.graphics.g2d.GlyphLayout::setText (1035 bytes)

GC Heap History (2 events):
Event: 21.147 GC heap before
{Heap before GC invocations=1 (full 0):
 PSYoungGen      total 28672K, used 24576K [0x00000000e0980000, 0x00000000e2980000, 0x0000000100000000)
  eden space 24576K, 100% used [0x00000000e0980000,0x00000000e2180000,0x00000000e2180000)
  from space 4096K, 0% used [0x00000000e2580000,0x00000000e2580000,0x00000000e2980000)
  to   space 4096K, 0% used [0x00000000e2180000,0x00000000e2180000,0x00000000e2580000)
 ParOldGen       total 65536K, used 0K [0x00000000a1c00000, 0x00000000a5c00000, 0x00000000e0980000)
  object space 65536K, 0% used [0x00000000a1c00000,0x00000000a1c00000,0x00000000a5c00000)
 Metaspace       used 9386K, capacity 9501K, committed 9728K, reserved 1058816K
  class space    used 882K, capacity 914K, committed 1024K, reserved 1048576K
Event: 21.157 GC heap after
Heap after GC invocations=1 (full 0):
 PSYoungGen      total 28672K, used 4072K [0x00000000e0980000, 0x00000000e2980000, 0x0000000100000000)
  eden space 24576K, 0% used [0x00000000e0980000,0x00000000e0980000,0x00000000e2180000)
  from space 4096K, 99% used [0x00000000e2180000,0x00000000e257a150,0x00000000e2580000)
  to   space 4096K, 0% used [0x00000000e2580000,0x00000000e2580000,0x00000000e2980000)
 ParOldGen       total 65536K, used 1928K [0x00000000a1c00000, 0x00000000a5c00000, 0x00000000e0980000)
  object space 65536K, 2% used [0x00000000a1c00000,0x00000000a1de2230,0x00000000a5c00000)
 Metaspace       used 9386K, capacity 9501K, committed 9728K, reserved 1058816K
  class space    used 882K, capacity 914K, committed 1024K, reserved 1048576K
}

Deoptimization events (10 events):
Event: 120.168 Thread 0x000000001a76c800 Uncommon trap: reason=unstable_if action=reinterpret pc=0x00000000055dc48c method=java.lang.String.trim()Ljava/lang/String; @ 15
Event: 120.260 Thread 0x000000001a76c800 Uncommon trap: reason=unstable_if action=reinterpret pc=0x0000000005872264 method=javazoom.jl.decoder.Bitstream.isSyncMark(III)Z @ 7
Event: 120.271 Thread 0x000000001a76c800 Uncommon trap: reason=unstable_if action=reinterpret pc=0x0000000005876a18 method=com.badlogic.gdx.utils.Array.iterator()Ljava/util/Iterator; @ 4
Event: 120.271 Thread 0x000000001a76c800 Uncommon trap: reason=unstable_if action=reinterpret pc=0x00000000057ab768 method=com.badlogic.gdx.utils.Array.iterator()Ljava/util/Iterator; @ 4
Event: 120.276 Thread 0x000000001a76c800 Uncommon trap: reason=unstable_if action=reinterpret pc=0x000000000580d028 method=com.badlogic.gdx.utils.LongMap.values()Lcom/badlogic/gdx/utils/LongMap$Values; @ 4
Event: 120.276 Thread 0x000000001a76c800 Uncommon trap: reason=unstable_if action=reinterpret pc=0x00000000056f208c method=com.badlogic.gdx.utils.Array.iterator()Ljava/util/Iterator; @ 4
Event: 120.276 Thread 0x000000001a76c800 Uncommon trap: reason=unstable_if action=reinterpret pc=0x00000000056d3ed8 method=com.badlogic.gdx.physics.box2d.Fixture.getShape()Lcom/badlogic/gdx/physics/box2d/Shape; @ 4
Event: 120.276 Thread 0x000000001a76c800 Uncommon trap: reason=unstable_if action=reinterpret pc=0x00000000057ace18 method=com.badlogic.gdx.physics.box2d.Fixture.getShape()Lcom/badlogic/gdx/physics/box2d/Shape; @ 4
Event: 120.277 Thread 0x000000001a76c800 Uncommon trap: reason=unstable_if action=reinterpret pc=0x000000000589a1b8 method=com.badlogic.gdx.utils.LongMap.values()Lcom/badlogic/gdx/utils/LongMap$Values; @ 4
Event: 120.277 Thread 0x000000001a76c800 Uncommon trap: reason=unstable_if action=reinterpret pc=0x000000000584bcf8 method=com.badlogic.gdx.scenes.scene2d.ui.WidgetGroup.validate()V @ 75

Internal exceptions (10 events):
Event: 0.615 Thread 0x00000000051c2800 Exception <a 'java/security/PrivilegedActionException'> (0x00000000e0ddde10) thrown at [C:\re\workspace\8-2-build-windows-amd64-cygwin\jdk8u60\4407\hotspot\src\share\vm\prims\jvm.cpp, line 1386]
Event: 0.615 Thread 0x00000000051c2800 Exception <a 'java/security/PrivilegedActionException'> (0x00000000e0ddea68) thrown at [C:\re\workspace\8-2-build-windows-amd64-cygwin\jdk8u60\4407\hotspot\src\share\vm\prims\jvm.cpp, line 1386]
Event: 0.615 Thread 0x00000000051c2800 Exception <a 'java/security/PrivilegedActionException'> (0x00000000e0ddf690) thrown at [C:\re\workspace\8-2-build-windows-amd64-cygwin\jdk8u60\4407\hotspot\src\share\vm\prims\jvm.cpp, line 1386]
Event: 107.299 Thread 0x000000001a76c800 Implicit null exception at 0x00000000056c7ab0 to 0x00000000056c7b05
Event: 120.271 Thread 0x000000001a76c800 Implicit null exception at 0x0000000005875fad to 0x0000000005876a01
Event: 120.271 Thread 0x000000001a76c800 Implicit null exception at 0x00000000057ab4db to 0x00000000057ab751
Event: 120.276 Thread 0x000000001a76c800 Implicit null exception at 0x0000000005805a76 to 0x000000000580d00d
Event: 120.276 Thread 0x000000001a76c800 Implicit null exception at 0x00000000056f1c00 to 0x00000000056f2065
Event: 120.276 Thread 0x000000001a76c800 Implicit null exception at 0x00000000056d194a to 0x00000000056d3eb9
Event: 120.277 Thread 0x000000001a76c800 Implicit null exception at 0x0000000005899ed3 to 0x000000000589a1a5

Events (10 events):
Event: 120.277 Thread 0x000000001a76c800 DEOPT UNPACKING pc=0x000000000530582a sp=0x000000001b4cee20 mode 2
Event: 120.277 Thread 0x000000001a76c800 Uncommon trap: trap_request=0xffffff65 fr.pc=0x000000000584bcf8
Event: 120.277 Thread 0x000000001a76c800 DEOPT PACKING pc=0x000000000584bcf8 sp=0x000000001b4ced20
Event: 120.277 Thread 0x000000001a76c800 DEOPT UNPACKING pc=0x000000000530582a sp=0x000000001b4cecb0 mode 2
Event: 121.706 Thread 0x000000001a76c800 DEOPT PACKING pc=0x000000000591fc0c sp=0x000000001b4ceee0
Event: 121.706 Thread 0x000000001a76c800 DEOPT UNPACKING pc=0x000000000530787f sp=0x000000001b4ceca0 mode 0
Event: 123.821 Thread 0x000000001a76c800 DEOPT PACKING pc=0x000000000591fc0c sp=0x000000001b4ceee0
Event: 123.821 Thread 0x000000001a76c800 DEOPT UNPACKING pc=0x000000000530787f sp=0x000000001b4ceca0 mode 0
Event: 124.704 loading class com/mygdx/game/screens/GameOverScreen
Event: 124.704 loading class com/mygdx/game/screens/GameOverScreen done


Dynamic libraries:
0x00007ff66bce0000 - 0x00007ff66bd17000 	C:\Program Files\Java\jdk1.8.0_60\bin\java.exe
0x00007ffe78820000 - 0x00007ffe78a00000 	C:\WINDOWS\SYSTEM32\ntdll.dll
0x00007ffe75ed0000 - 0x00007ffe75f7e000 	C:\WINDOWS\System32\KERNEL32.DLL
0x00007ffe74c70000 - 0x00007ffe74ed6000 	C:\WINDOWS\System32\KERNELBASE.dll
0x00007ffe786a0000 - 0x00007ffe78741000 	C:\WINDOWS\System32\ADVAPI32.dll
0x00007ffe75e30000 - 0x00007ffe75ecd000 	C:\WINDOWS\System32\msvcrt.dll
0x00007ffe77f50000 - 0x00007ffe77fab000 	C:\WINDOWS\System32\sechost.dll
0x00007ffe77a20000 - 0x00007ffe77b3f000 	C:\WINDOWS\System32\RPCRT4.dll
0x00007ffe77fb0000 - 0x00007ffe7813f000 	C:\WINDOWS\System32\USER32.dll
0x00007ffe75cd0000 - 0x00007ffe75cf0000 	C:\WINDOWS\System32\win32u.dll
0x00007ffe765b0000 - 0x00007ffe765d8000 	C:\WINDOWS\System32\GDI32.dll
0x00007ffe75b30000 - 0x00007ffe75cc3000 	C:\WINDOWS\System32\gdi32full.dll
0x00007ffe752e0000 - 0x00007ffe7537b000 	C:\WINDOWS\System32\msvcp_win.dll
0x00007ffe74ee0000 - 0x00007ffe74fd6000 	C:\WINDOWS\System32\ucrtbase.dll
0x00007ffe6d370000 - 0x00007ffe6d5d9000 	C:\WINDOWS\WinSxS\amd64_microsoft.windows.common-controls_6595b64144ccf1df_6.0.16299.192_none_15c8cdae9364c23b\COMCTL32.dll
0x00007ffe762a0000 - 0x00007ffe765a8000 	C:\WINDOWS\System32\combase.dll
0x00007ffe75260000 - 0x00007ffe752d2000 	C:\WINDOWS\System32\bcryptPrimitives.dll
0x00007ffe77f20000 - 0x00007ffe77f4d000 	C:\WINDOWS\System32\IMM32.DLL
0x00000000760d0000 - 0x00000000761a2000 	C:\Program Files\Java\jdk1.8.0_60\jre\bin\msvcr100.dll
0x0000000075750000 - 0x0000000075fd9000 	C:\Program Files\Java\jdk1.8.0_60\jre\bin\server\jvm.dll
0x00007ffe78750000 - 0x00007ffe78758000 	C:\WINDOWS\System32\PSAPI.DLL
0x00007ffe69440000 - 0x00007ffe69449000 	C:\WINDOWS\SYSTEM32\WSOCK32.dll
0x00007ffe72860000 - 0x00007ffe72883000 	C:\WINDOWS\SYSTEM32\WINMM.dll
0x00007ffe78770000 - 0x00007ffe787dc000 	C:\WINDOWS\System32\WS2_32.dll
0x00007ffe6dd20000 - 0x00007ffe6dd2a000 	C:\WINDOWS\SYSTEM32\VERSION.dll
0x00007ffe72800000 - 0x00007ffe7282a000 	C:\WINDOWS\SYSTEM32\WINMMBASE.dll
0x00007ffe74c20000 - 0x00007ffe74c6a000 	C:\WINDOWS\System32\cfgmgr32.dll
0x00000000760c0000 - 0x00000000760cf000 	C:\Program Files\Java\jdk1.8.0_60\jre\bin\verify.dll
0x00000000756e0000 - 0x0000000075709000 	C:\Program Files\Java\jdk1.8.0_60\jre\bin\java.dll
0x00000000756c0000 - 0x00000000756d6000 	C:\Program Files\Java\jdk1.8.0_60\jre\bin\zip.dll
0x00007ffe765e0000 - 0x00007ffe77a16000 	C:\WINDOWS\System32\SHELL32.dll
0x00007ffe760f0000 - 0x00007ffe76196000 	C:\WINDOWS\System32\shcore.dll
0x00007ffe753e0000 - 0x00007ffe75b27000 	C:\WINDOWS\System32\windows.storage.dll
0x00007ffe75cf0000 - 0x00007ffe75d41000 	C:\WINDOWS\System32\shlwapi.dll
0x00007ffe74b90000 - 0x00007ffe74ba1000 	C:\WINDOWS\System32\kernel.appcore.dll
0x00007ffe74bd0000 - 0x00007ffe74c1c000 	C:\WINDOWS\System32\powrprof.dll
0x00007ffe74b70000 - 0x00007ffe74b8b000 	C:\WINDOWS\System32\profapi.dll
0x0000000065580000 - 0x0000000065616000 	C:\Users\¬Î‡‰\AppData\Local\Temp\libgdx¬Î‡‰\38c81921\gdx64.dll
0x00007ffe745d0000 - 0x00007ffe745e7000 	C:\WINDOWS\SYSTEM32\CRYPTSP.dll
0x00007ffe73fb0000 - 0x00007ffe73fe3000 	C:\WINDOWS\system32\rsaenh.dll
0x00007ffe746d0000 - 0x00007ffe746f5000 	C:\WINDOWS\SYSTEM32\bcrypt.dll
0x00007ffe74aa0000 - 0x00007ffe74ac9000 	C:\WINDOWS\SYSTEM32\USERENV.dll
0x00007ffe745c0000 - 0x00007ffe745cb000 	C:\WINDOWS\SYSTEM32\CRYPTBASE.dll
0x00000000756a0000 - 0x00000000756ba000 	C:\Program Files\Java\jdk1.8.0_60\jre\bin\net.dll
0x00007ffe74400000 - 0x00007ffe74466000 	C:\WINDOWS\system32\mswsock.dll
0x00007ffe74180000 - 0x00007ffe741b9000 	C:\WINDOWS\SYSTEM32\IPHLPAPI.DLL
0x00007ffe78760000 - 0x00007ffe78768000 	C:\WINDOWS\System32\NSI.dll
0x00007ffe6c610000 - 0x00007ffe6c626000 	C:\WINDOWS\SYSTEM32\dhcpcsvc6.DLL
0x00007ffe6c5f0000 - 0x00007ffe6c60a000 	C:\WINDOWS\SYSTEM32\dhcpcsvc.DLL
0x0000000075680000 - 0x0000000075691000 	C:\Program Files\Java\jdk1.8.0_60\jre\bin\nio.dll
0x0000000180000000 - 0x0000000180053000 	C:\Users\¬Î‡‰\AppData\Local\Temp\libgdx¬Î‡‰\dc0f0009\lwjgl64.dll
0x00007ffe51e60000 - 0x00007ffe51f7e000 	C:\WINDOWS\SYSTEM32\OPENGL32.dll
0x00007ffe51df0000 - 0x00007ffe51e1c000 	C:\WINDOWS\SYSTEM32\GLU32.dll
0x000000001ade0000 - 0x000000001ae44000 	C:\Users\46AD~1\AppData\Local\Temp\libgdx¬Î‡‰\dc0f0009\OpenAL64.dll
0x00007ffe77dd0000 - 0x00007ffe77f19000 	C:\WINDOWS\System32\ole32.dll
0x00007ffe72f20000 - 0x00007ffe72fb5000 	C:\WINDOWS\system32\uxtheme.dll
0x00007ffe761a0000 - 0x00007ffe7623e000 	C:\WINDOWS\System32\clbcatq.dll
0x00007ffe73730000 - 0x00007ffe738e1000 	C:\WINDOWS\System32\PROPSYS.dll
0x00007ffe77b60000 - 0x00007ffe77c25000 	C:\WINDOWS\System32\OLEAUT32.dll
0x00007ffe45110000 - 0x00007ffe4519f000 	C:\WINDOWS\SYSTEM32\dsound.dll
0x00007ffe6ccd0000 - 0x00007ffe6cd3f000 	C:\WINDOWS\System32\MMDevApi.dll
0x00007ffe749a0000 - 0x00007ffe749c7000 	C:\WINDOWS\System32\DEVOBJ.dll
0x00007ffe4e0e0000 - 0x00007ffe4e202000 	C:\WINDOWS\SYSTEM32\AUDIOSES.DLL
0x00007ffe70cb0000 - 0x00007ffe70de6000 	C:\WINDOWS\SYSTEM32\wintypes.dll
0x00007ffe71290000 - 0x00007ffe7129a000 	C:\WINDOWS\SYSTEM32\AVRT.dll
0x00007ffe75f80000 - 0x00007ffe760e7000 	C:\WINDOWS\System32\MSCTF.dll
0x00007ffe73150000 - 0x00007ffe7317a000 	C:\WINDOWS\system32\dwmapi.dll
0x00007ffe68da0000 - 0x00007ffe68e38000 	C:\WINDOWS\System32\TextInputFramework.dll
0x00007ffe70e00000 - 0x00007ffe710ee000 	C:\WINDOWS\System32\CoreUIComponents.dll
0x00007ffe718f0000 - 0x00007ffe719cc000 	C:\WINDOWS\System32\CoreMessaging.dll
0x00007ffe73cb0000 - 0x00007ffe73ce1000 	C:\WINDOWS\SYSTEM32\ntmarta.dll
0x0000000072e70000 - 0x0000000074fc0000 	C:\WINDOWS\SYSTEM32\nvoglv64.DLL
0x00007ffe78250000 - 0x00007ffe7869e000 	C:\WINDOWS\System32\SETUPAPI.dll
0x00007ffe71870000 - 0x00007ffe71883000 	C:\WINDOWS\SYSTEM32\WTSAPI32.dll
0x00007ffe75380000 - 0x00007ffe753d8000 	C:\WINDOWS\System32\WINTRUST.dll
0x00007ffe74bb0000 - 0x00007ffe74bc2000 	C:\WINDOWS\System32\MSASN1.dll
0x00007ffe74fe0000 - 0x00007ffe751ae000 	C:\WINDOWS\System32\CRYPT32.dll
0x00007ffe6a850000 - 0x00007ffe6a8e7000 	C:\WINDOWS\SYSTEM32\mscms.dll
0x00007ffe59b90000 - 0x00007ffe59bd1000 	C:\WINDOWS\SYSTEM32\icm32.dll
0x00007ffe74040000 - 0x00007ffe74095000 	C:\WINDOWS\SYSTEM32\WINSTA.dll
0x00007ffe739e0000 - 0x00007ffe73a8f000 	C:\WINDOWS\system32\dxgi.dll
0x00007ffe3d920000 - 0x00007ffe3f051000 	C:\WINDOWS\System32\DriverStore\FileRepository\nvami.inf_amd64_11a67240324f74de\nvwgf2umx.dll
0x00007ffe4d400000 - 0x00007ffe4d5b7000 	C:\WINDOWS\system32\nvspcap64.dll
0x00007ffe708c0000 - 0x00007ffe7099e000 	C:\WINDOWS\SYSTEM32\WINHTTP.dll
0x00007ffe6ab60000 - 0x00007ffe6af5b000 	C:\WINDOWS\system32\nvapi64.dll
0x00007ffe74a70000 - 0x00007ffe74aa0000 	C:\WINDOWS\SYSTEM32\SspiCli.dll
0x00007ffe71e00000 - 0x00007ffe720e1000 	C:\WINDOWS\SYSTEM32\d3d11.dll
0x0000000066bc0000 - 0x0000000066c7b000 	C:\Users\¬Î‡‰\AppData\Local\Temp\libgdx¬Î‡‰\935f82d0\gdx-box2d64.dll
0x00007ffe6c640000 - 0x00007ffe6c808000 	C:\WINDOWS\SYSTEM32\dbghelp.dll

VM Arguments:
jvm_args: -Dfile.encoding=windows-1251 -Duser.country=RU -Duser.language=ru -Duser.variant 
java_command: com.mygdx.game.desktop.DesktopLauncher
java_class_path (initial): D:\MushroomBoy\desktop\build\classes\main;D:\MushroomBoy\desktop\build\resources\main;D:\MushroomBoy\core\build\libs\core-1.0.jar;C:\Users\¬Î‡‰\.gradle\caches\modules-2\files-2.1\com.badlogicgames.gdx\gdx-backend-lwjgl\1.9.6\ee7c23636ee4a942d329579daecc3ec5e517fe4c\gdx-backend-lwjgl-1.9.6.jar;C:\Users\¬Î‡‰\.gradle\caches\modules-2\files-2.1\com.badlogicgames.gdx\gdx-platform\1.9.6\6f84dd7a18dc68e4ec492dfbb0594f930babcf63\gdx-platform-1.9.6-natives-desktop.jar;C:\Users\¬Î‡‰\.gradle\caches\modules-2\files-2.1\com.badlogicgames.gdx\gdx-box2d-platform\1.9.6\d7b6168f5afd3948fd126c0b248f66c49b73ca35\gdx-box2d-platform-1.9.6-natives-desktop.jar;C:\Users\¬Î‡‰\.gradle\caches\modules-2\files-2.1\com.badlogicgames.gdx\gdx\1.9.6\47d1e9b890e364ec28f128e9bb3b9a12a94c164\gdx-1.9.6.jar;C:\Users\¬Î‡‰\.gradle\caches\modules-2\files-2.1\com.badlogicgames.gdx\gdx-box2d\1.9.6\c249ef4060a4fada952f278455c8f7b9cba3c18a\gdx-box2d-1.9.6.jar;C:\Users\¬Î‡‰\.gradle\caches\modules-2\files-2.1\org.lwjgl.lwjgl\lwjgl\2.9.2\a9d80fe5935c7a9149f6584d9777cfd471f65489\lwjgl-2.9.2.jar;C:\Users\¬Î‡‰\.gradle\caches\modules-2\files-2.1\org.lwjgl.lwjgl\lwjgl_util\2.9.2\4b9e37300a87799856e0bd15ed81663cdb6b0947\lwjgl_util-2.9.2.jar;C:\Users\¬Î‡‰\.gradle\caches\modules-2\files-2.1\com.badlogicgames.jlayer\jlayer\1.0.1-gdx\7cca83cec5c1b2f011362f4d85aabd71a73b049d\jlayer-1.0.1-gdx.jar;C:\Users\¬Î‡‰\.gradle\caches\modules-2\files-2.1\org.jcraft\jorbis\0.0.17\8872d22b293e8f5d7d56ff92be966e6dc28ebdc6\jorbis-0.0.17.jar;C:\Users\¬Î‡‰\.gradle\caches\modules-2\files-2.1\org.lwjgl.lwjgl\lwjgl-platform\2.9.2\510c7d317f5e9e700b9cfaac5fd38bdebf0702e0\lwjgl-platform-2.9.2-natives-windows.jar;C:\Users\¬Î‡‰\.gradle\caches\modules-2\files-2.1\org.lwjgl.lwjgl\lwjgl-platform\2.9.2\d276cdf61fe2b516c7b7f4aa1b8dea91dbdc8d56\lwjgl-platform-2.9.2-natives-linux.jar;C:\Users\¬Î‡‰\.gradle\caches\modules-2\files-2.1\org.lwjgl.lwjgl\lwjgl-platform\2.9.2\d55b46b40b40249d627a83a7f7f22649709d70c3\lwjgl-platform-2.
Launcher Type: SUN_STANDARD

Environment Variables:
CLASSPATH=C:\LINGO64_17\Lingo17.jar
PATH=C:\Program Files (x86)\Common Files\Intel\Shared Files\cpp\bin\Intel64;C:\oraclexe\app\oracle\product\11.2.0\server\bin;C:\ProgramData\Oracle\Java\javapath;C:\Program Files (x86)\Intel\iCLS Client\;C:\Program Files\Intel\iCLS Client\;C:\WINDOWS\system32;C:\WINDOWS;C:\WINDOWS\System32\Wbem;C:\WINDOWS\System32\WindowsPowerShell\v1.0\;C:\Program Files\Intel\Intel(R) Management Engine Components\DAL;C:\Program Files\Intel\Intel(R) Management Engine Components\IPT;C:\Program Files (x86)\Intel\Intel(R) Management Engine Components\DAL;C:\Program Files (x86)\Intel\Intel(R) Management Engine Components\IPT;C:\Program Files (x86)\Intel\OpenCL SDK\2.0\bin\x86;C:\Program Files (x86)\Intel\OpenCL SDK\2.0\bin\x64;C:\Program Files (x86)\Microsoft SQL Server\100\Tools\Binn\;C:\Program Files\Microsoft SQL Server\100\Tools\Binn\;C:\Program Files\Microsoft SQL Server\100\DTS\Binn\;c:\altera\91\quartus\bin;C:\Program Files\doxygen\bin;C:\Program Files\Microsoft SQL Server\110\Tools\Binn\;C:\Program Files (x86)\NVIDIA Corporation\PhysX\Common;C:\Program Files (x86)\Skype\Phone\;D:\FlexBison;C:\LINGO64_17\;C:\Program Files\Git\cmd;C:\Program Files\nodejs\;C:\Program Files\SourceGear\Common\DiffMerge\;C:\Program Files\TortoiseHg\;%SystemRoot%\system32;%SystemRoot%;%SystemRoot%\System32\Wbem;%SYSTEMROOT%\System32\WindowsPowerShell\v1.0\;C:\Users\¬Î‡‰\AppData\Local\Microsoft\WindowsApps;;C:\Program Files\Microsoft VS Code\bin;C:\Users\¬Î‡‰\AppData\Roaming\npm
USERNAME=¬Î‡‰
OS=Windows_NT
PROCESSOR_IDENTIFIER=Intel64 Family 6 Model 58 Stepping 9, GenuineIntel



---------------  S Y S T E M  ---------------

OS: Windows 10.0 , 64 bit Build 16299 (10.0.16299.15)

CPU:total 4 (2 cores per cpu, 2 threads per core) family 6 model 58 stepping 9, cmov, cx8, fxsr, mmx, sse, sse2, sse3, ssse3, sse4.1, sse4.2, popcnt, avx, aes, clmul, erms, ht, tsc, tscinvbit, tscinv

Memory: 4k page, physical 6174212k(1053364k free), swap 15595012k(4829724k free)

vm_info: Java HotSpot(TM) 64-Bit Server VM (25.60-b23) for windows-amd64 JRE (1.8.0_60-b27), built on Aug  4 2015 11:06:27 by "java_re" with MS VC++ 10.0 (VS2010)

time: Sun Jan 28 19:09:49 2018
elapsed time: 124 seconds (0d 0h 2m 4s)

